#
# There is insufficient memory for the Java Runtime Environment to continue.
# Native memory allocation (malloc) failed to allocate 2192976 bytes for Chunk::new
# Possible reasons:
#   The system is out of physical RAM or swap space
#   The process is running with CompressedOops enabled, and the Java Heap may be blocking the growth of the native heap
# Possible solutions:
#   Reduce memory load on the system
#   Increase physical memory or swap space
#   Check if swap backing store is full
#   Decrease Java heap size (-Xmx/-Xms)
#   Decrease number of Java threads
#   Decrease Java thread stack sizes (-Xss)
#   Set larger code cache with -XX:ReservedCodeCacheSize=
#   JVM is running with Unscaled Compressed Oops mode in which the Java heap is
#     placed in the first 4GB address space. The Java Heap base address is the
#     maximum limit for the native heap growth. Please use -XX:HeapBaseMinAddress
#     to set the Java Heap base and to place the Java Heap above 4GB virtual address.
# This output file may be truncated or incomplete.
#
#  Out of Memory Error (./src/hotspot/share/memory/arena.cpp:197), pid=22680, tid=30424
#
# JRE version: OpenJDK Runtime Environment (11.0.11+9) (build 11.0.11+9-b60-7590822)
# Java VM: OpenJDK 64-Bit Server VM (11.0.11+9-b60-7590822, mixed mode, tiered, compressed oops, g1 gc, windows-amd64)
# No core dump will be written. Minidumps are not enabled by default on client versions of Windows
#

---------------  S U M M A R Y ------------

Command Line: --add-opens=java.base/java.util=ALL-UNNAMED --add-opens=java.base/java.lang=ALL-UNNAMED --add-opens=java.base/java.lang.invoke=ALL-UNNAMED --add-opens=java.base/java.util=ALL-UNNAMED --add-opens=java.prefs/java.util.prefs=ALL-UNNAMED --add-opens=java.prefs/java.util.prefs=ALL-UNNAMED --add-opens=java.base/java.nio.charset=ALL-UNNAMED --add-opens=java.base/java.net=ALL-UNNAMED --add-opens=java.base/java.util.concurrent.atomic=ALL-UNNAMED -Xmx2048m -Dfile.encoding=UTF-8 -Duser.country=FR -Duser.language=fr -Duser.variant org.gradle.launcher.daemon.bootstrap.GradleDaemon 7.2

Host: Intel(R) Core(TM) i7-7700HQ CPU @ 2.80GHz, 8 cores, 15G,  Windows 10 , 64 bit Build 18362 (10.0.18362.1500)
Time: Thu Apr 21 15:49:37 2022 Paris, Madrid (heure d?été) elapsed time: 20.054653 seconds (0d 0h 0m 20s)

---------------  T H R E A D  ---------------

Current thread (0x000001fa2d6e8800):  JavaThread "C2 CompilerThread0" daemon [_thread_in_native, id=30424, stack(0x000000d6b9600000,0x000000d6b9700000)]


Current CompileTask:
C2:  20054 13602       4       com.sun.tools.javac.comp.Check::checkType (168 bytes)

Stack: [0x000000d6b9600000,0x000000d6b9700000]
Native frames: (J=compiled Java code, j=interpreted, Vv=VM code, C=native code)
V  [jvm.dll+0x5f214a]
V  [jvm.dll+0x726fb5]
V  [jvm.dll+0x7285cd]
V  [jvm.dll+0x728c83]
V  [jvm.dll+0x243278]
V  [jvm.dll+0xbc53c]
V  [jvm.dll+0xbca3c]
V  [jvm.dll+0x353e7d]
V  [jvm.dll+0x321893]
V  [jvm.dll+0x320d8a]
V  [jvm.dll+0x1fc1e2]
V  [jvm.dll+0x1fb3d4]
V  [jvm.dll+0x183d6c]
V  [jvm.dll+0x209a57]
V  [jvm.dll+0x2082a1]
V  [jvm.dll+0x6ef58f]
V  [jvm.dll+0x6e80b5]
V  [jvm.dll+0x5f1036]
C  [ucrtbase.dll+0x210b2]
C  [KERNEL32.DLL+0x17c24]
C  [ntdll.dll+0x6d721]


---------------  P R O C E S S  ---------------

Threads class SMR info:
_java_thread_list=0x000001fa358a05d0, length=142, elements={
0x000001fa12990000, 0x000001fa2d673000, 0x000001fa2d674800, 0x000001fa2d6d1800,
0x000001fa2d6d3000, 0x000001fa2d6d6000, 0x000001fa2d6e8800, 0x000001fa2d6e9800,
0x000001fa2d6ea800, 0x000001fa2d841800, 0x000001fa2f116000, 0x000001fa2da28000,
0x000001fa302d5000, 0x000001fa304aa800, 0x000001fa2f9f5800, 0x000001fa2efbf800,
0x000001fa2fe15000, 0x000001fa30b8a000, 0x000001fa2f9ef800, 0x000001fa2fe5f800,
0x000001fa2fe5e800, 0x000001fa2fe60800, 0x000001fa2fe61000, 0x000001fa2fc7a000,
0x000001fa2fc79000, 0x000001fa2fc7a800, 0x000001fa2fc76800, 0x000001fa2fc77800,
0x000001fa2fc78000, 0x000001fa2fc75000, 0x000001fa2fc7d000, 0x000001fa2fc7f800,
0x000001fa2fc82000, 0x000001fa2fc80800, 0x000001fa2fc7c800, 0x000001fa2fc7f000,
0x000001fa2fc83000, 0x000001fa2fc83800, 0x000001fa30ffe000, 0x000001fa30ffa000,
0x000001fa30ff9000, 0x000001fa30ff8800, 0x000001fa30fff000, 0x000001fa30ffa800,
0x000001fa30ffb800, 0x000001fa30ffc800, 0x000001fa30ffd000, 0x000001fa310eb800,
0x000001fa310ea800, 0x000001fa310e9000, 0x000001fa310ec000, 0x000001fa310ee000,
0x000001fa310e8000, 0x000001fa310ee800, 0x000001fa310ef800, 0x000001fa310ed000,
0x000001fa310ea000, 0x000001fa310f5000, 0x000001fa310f4800, 0x000001fa310f6000,
0x000001fa310f2000, 0x000001fa310f1000, 0x000001fa310f3000, 0x000001fa310f0800,
0x000001fa310f3800, 0x000001fa310f7000, 0x000001fa349c9800, 0x000001fa349c6000,
0x000001fa349c7800, 0x000001fa349c5800, 0x000001fa349c4800, 0x000001fa349ca000,
0x000001fa349c7000, 0x000001fa349cb000, 0x000001fa349cc000, 0x000001fa349cc800,
0x000001fa349cd800, 0x000001fa349c8800, 0x000001fa349ce000, 0x000001fa349d0000,
0x000001fa349cf000, 0x000001fa349d2800, 0x000001fa349d0800, 0x000001fa349d1800,
0x000001fa349d3000, 0x000001fa2ff4a800, 0x000001fa2ff45800, 0x000001fa2ff4c000,
0x000001fa2ff47000, 0x000001fa2ff48000, 0x000001fa2ff4b000, 0x000001fa2ff49000,
0x000001fa2ff46800, 0x000001fa2ff49800, 0x000001fa2ff51800, 0x000001fa2ff4d000,
0x000001fa2ff51000, 0x000001fa2ff50000, 0x000001fa2ff52800, 0x000001fa2ff53800,
0x000001fa2ff4d800, 0x000001fa2ff54000, 0x000001fa2ff4f800, 0x000001fa2ff4e800,
0x000001fa307c9000, 0x000001fa307cd000, 0x000001fa307c8000, 0x000001fa307ce000,
0x000001fa307cf000, 0x000001fa307ca800, 0x000001fa307cc800, 0x000001fa307cf800,
0x000001fa307cb800, 0x000001fa307ca000, 0x000001fa307d5800, 0x000001fa307d6000,
0x000001fa307d2000, 0x000001fa307d3000, 0x000001fa307d3800, 0x000001fa307d1000,
0x000001fa307d0800, 0x000001fa307d7000, 0x000001fa35b13000, 0x000001fa35b17800,
0x000001fa35b15800, 0x000001fa35b13800, 0x000001fa35b14800, 0x000001fa35b18800,
0x000001fa35b16000, 0x000001fa35b17000, 0x000001fa35b19800, 0x000001fa31133800,
0x000001fa31134000, 0x000001fa31135000, 0x000001fa31136000, 0x000001fa31131000,
0x000001fa31136800, 0x000001fa31137800, 0x000001fa3113a800, 0x000001fa31139000,
0x000001fa32fa4000, 0x000001fa2df86000
}

Java Threads: ( => current thread )
  0x000001fa12990000 JavaThread "main" [_thread_blocked, id=31176, stack(0x000000d6b8a00000,0x000000d6b8b00000)]
  0x000001fa2d673000 JavaThread "Reference Handler" daemon [_thread_blocked, id=28764, stack(0x000000d6b9100000,0x000000d6b9200000)]
  0x000001fa2d674800 JavaThread "Finalizer" daemon [_thread_blocked, id=23636, stack(0x000000d6b9200000,0x000000d6b9300000)]
  0x000001fa2d6d1800 JavaThread "Signal Dispatcher" daemon [_thread_blocked, id=20588, stack(0x000000d6b9300000,0x000000d6b9400000)]
  0x000001fa2d6d3000 JavaThread "Attach Listener" daemon [_thread_blocked, id=23632, stack(0x000000d6b9400000,0x000000d6b9500000)]
  0x000001fa2d6d6000 JavaThread "Service Thread" daemon [_thread_blocked, id=20532, stack(0x000000d6b9500000,0x000000d6b9600000)]
=>0x000001fa2d6e8800 JavaThread "C2 CompilerThread0" daemon [_thread_in_native, id=30424, stack(0x000000d6b9600000,0x000000d6b9700000)]
  0x000001fa2d6e9800 JavaThread "C1 CompilerThread0" daemon [_thread_blocked, id=31396, stack(0x000000d6b9700000,0x000000d6b9800000)]
  0x000001fa2d6ea800 JavaThread "Sweeper thread" daemon [_thread_blocked, id=20324, stack(0x000000d6b9800000,0x000000d6b9900000)]
  0x000001fa2d841800 JavaThread "Common-Cleaner" daemon [_thread_blocked, id=11896, stack(0x000000d6b9900000,0x000000d6b9a00000)]
  0x000001fa2f116000 JavaThread "Daemon health stats" [_thread_blocked, id=23528, stack(0x000000d6ba200000,0x000000d6ba300000)]
  0x000001fa2da28000 JavaThread "Incoming local TCP Connector on port 53795" [_thread_in_native, id=26096, stack(0x000000d6b9b00000,0x000000d6b9c00000)]
  0x000001fa302d5000 JavaThread "Daemon periodic checks" [_thread_blocked, id=23656, stack(0x000000d6ba100000,0x000000d6ba200000)]
  0x000001fa304aa800 JavaThread "Daemon" [_thread_blocked, id=32568, stack(0x000000d6ba300000,0x000000d6ba400000)]
  0x000001fa2f9f5800 JavaThread "Handler for socket connection from /127.0.0.1:53795 to /127.0.0.1:53796" [_thread_in_native, id=34680, stack(0x000000d6ba400000,0x000000d6ba500000)]
  0x000001fa2efbf800 JavaThread "Cancel handler" [_thread_blocked, id=13648, stack(0x000000d6ba500000,0x000000d6ba600000)]
  0x000001fa2fe15000 JavaThread "Daemon worker" [_thread_blocked, id=29536, stack(0x000000d6ba600000,0x000000d6ba700000)]
  0x000001fa30b8a000 JavaThread "Asynchronous log dispatcher for DefaultDaemonConnection: socket connection from /127.0.0.1:53795 to /127.0.0.1:53796" [_thread_blocked, id=33868, stack(0x000000d6ba700000,0x000000d6ba800000)]
  0x000001fa2f9ef800 JavaThread "Stdin handler" [_thread_blocked, id=33168, stack(0x000000d6ba800000,0x000000d6ba900000)]
  0x000001fa2fe5f800 JavaThread "Daemon client event forwarder" [_thread_blocked, id=13976, stack(0x000000d6ba900000,0x000000d6baa00000)]
  0x000001fa2fe5e800 JavaThread "Cache worker for journal cache (C:\Users\MSI\.gradle\caches\journal-1)" [_thread_blocked, id=2824, stack(0x000000d6bad00000,0x000000d6bae00000)]
  0x000001fa2fe60800 JavaThread "File lock request listener" [_thread_in_native, id=10640, stack(0x000000d6bae00000,0x000000d6baf00000)]
  0x000001fa2fe61000 JavaThread "Cache worker for file hash cache (C:\Users\MSI\.gradle\caches\7.2\fileHashes)" [_thread_blocked, id=34652, stack(0x000000d6baf00000,0x000000d6bb000000)]
  0x000001fa2fc7a000 JavaThread "Cache worker for file hash cache (C:\Users\MSI\Desktop\master\Gestion-de-projet\APP_JAVA\.gradle\7.2\fileHashes)" [_thread_blocked, id=22008, stack(0x000000d6bb100000,0x000000d6bb200000)]
  0x000001fa2fc79000 JavaThread "File watcher server" daemon [_thread_in_native, id=16420, stack(0x000000d6bb200000,0x000000d6bb300000)]
  0x000001fa2fc7a800 JavaThread "File watcher consumer" daemon [_thread_blocked, id=33008, stack(0x000000d6bb300000,0x000000d6bb400000)]
  0x000001fa2fc76800 JavaThread "Cache worker for checksums cache (C:\Users\MSI\Desktop\master\Gestion-de-projet\APP_JAVA\.gradle\checksums)" [_thread_blocked, id=14284, stack(0x000000d6bb400000,0x000000d6bb500000)]
  0x000001fa2fc77800 JavaThread "Cache worker for cache directory md-supplier (C:\Users\MSI\.gradle\caches\7.2\md-supplier)" [_thread_blocked, id=6912, stack(0x000000d6bb500000,0x000000d6bb600000)]
  0x000001fa2fc78000 JavaThread "Cache worker for cache directory md-rule (C:\Users\MSI\.gradle\caches\7.2\md-rule)" [_thread_blocked, id=25748, stack(0x000000d6baa00000,0x000000d6bab00000)]
  0x000001fa2fc75000 JavaThread "Cache worker for execution history cache (C:\Users\MSI\.gradle\caches\7.2\executionHistory)" [_thread_blocked, id=9720, stack(0x000000d6bb600000,0x000000d6bb700000)]
  0x000001fa2fc7d000 JavaThread "jar transforms" [_thread_blocked, id=28232, stack(0x000000d6bb900000,0x000000d6bba00000)]
  0x000001fa2fc7f800 JavaThread "Cache worker for file content cache (C:\Users\MSI\.gradle\caches\7.2\fileContent)" [_thread_blocked, id=28748, stack(0x000000d6bba00000,0x000000d6bbb00000)]
  0x000001fa2fc82000 JavaThread "jar transforms Thread 2" [_thread_blocked, id=12016, stack(0x000000d6bbb00000,0x000000d6bbc00000)]
  0x000001fa2fc80800 JavaThread "Cache worker for dependencies-accessors (C:\Users\MSI\Desktop\master\Gestion-de-projet\APP_JAVA\.gradle\7.2\dependencies-accessors)" [_thread_blocked, id=1280, stack(0x000000d6bbc00000,0x000000d6bbd00000)]
  0x000001fa2fc7c800 JavaThread "jar transforms Thread 3" [_thread_blocked, id=22204, stack(0x000000d6bbd00000,0x000000d6bbe00000)]
  0x000001fa2fc7f000 JavaThread "Cache worker for Build Output Cleanup Cache (C:\Users\MSI\Desktop\master\Gestion-de-projet\APP_JAVA\.gradle\buildOutputCleanup)" [_thread_blocked, id=10476, stack(0x000000d6bbe00000,0x000000d6bbf00000)]
  0x000001fa2fc83000 JavaThread "Unconstrained build operations" [_thread_blocked, id=33096, stack(0x000000d6bbf00000,0x000000d6bc000000)]
  0x000001fa2fc83800 JavaThread "Unconstrained build operations Thread 2" [_thread_blocked, id=13824, stack(0x000000d6bc000000,0x000000d6bc100000)]
  0x000001fa30ffe000 JavaThread "Unconstrained build operations Thread 3" [_thread_blocked, id=30068, stack(0x000000d6bc100000,0x000000d6bc200000)]
  0x000001fa30ffa000 JavaThread "Unconstrained build operations Thread 4" [_thread_blocked, id=27064, stack(0x000000d6bc200000,0x000000d6bc300000)]
  0x000001fa30ff9000 JavaThread "Unconstrained build operations Thread 5" [_thread_blocked, id=30172, stack(0x000000d6bc300000,0x000000d6bc400000)]
  0x000001fa30ff8800 JavaThread "Unconstrained build operations Thread 6" [_thread_blocked, id=20552, stack(0x000000d6bc400000,0x000000d6bc500000)]
  0x000001fa30fff000 JavaThread "Unconstrained build operations Thread 7" [_thread_blocked, id=6080, stack(0x000000d6bc500000,0x000000d6bc600000)]
  0x000001fa30ffa800 JavaThread "Unconstrained build operations Thread 8" [_thread_blocked, id=12220, stack(0x000000d6bc600000,0x000000d6bc700000)]
  0x000001fa30ffb800 JavaThread "Unconstrained build operations Thread 9" [_thread_blocked, id=17268, stack(0x000000d6bc700000,0x000000d6bc800000)]
  0x000001fa30ffc800 JavaThread "Unconstrained build operations Thread 10" [_thread_blocked, id=31880, stack(0x000000d6bc800000,0x000000d6bc900000)]
  0x000001fa30ffd000 JavaThread "Unconstrained build operations Thread 11" [_thread_blocked, id=34224, stack(0x000000d6bc900000,0x000000d6bca00000)]
  0x000001fa310eb800 JavaThread "Unconstrained build operations Thread 12" [_thread_blocked, id=17812, stack(0x000000d6bca00000,0x000000d6bcb00000)]
  0x000001fa310ea800 JavaThread "Unconstrained build operations Thread 13" [_thread_blocked, id=26516, stack(0x000000d6bcb00000,0x000000d6bcc00000)]
  0x000001fa310e9000 JavaThread "Unconstrained build operations Thread 14" [_thread_blocked, id=24264, stack(0x000000d6bcc00000,0x000000d6bcd00000)]
  0x000001fa310ec000 JavaThread "Unconstrained build operations Thread 15" [_thread_blocked, id=31676, stack(0x000000d6bcd00000,0x000000d6bce00000)]
  0x000001fa310ee000 JavaThread "Unconstrained build operations Thread 16" [_thread_blocked, id=25120, stack(0x000000d6bce00000,0x000000d6bcf00000)]
  0x000001fa310e8000 JavaThread "Unconstrained build operations Thread 17" [_thread_blocked, id=27672, stack(0x000000d6bcf00000,0x000000d6bd000000)]
  0x000001fa310ee800 JavaThread "Unconstrained build operations Thread 18" [_thread_blocked, id=23372, stack(0x000000d6bd000000,0x000000d6bd100000)]
  0x000001fa310ef800 JavaThread "Unconstrained build operations Thread 19" [_thread_blocked, id=32508, stack(0x000000d6bd100000,0x000000d6bd200000)]
  0x000001fa310ed000 JavaThread "Unconstrained build operations Thread 20" [_thread_blocked, id=19664, stack(0x000000d6bd200000,0x000000d6bd300000)]
  0x000001fa310ea000 JavaThread "Unconstrained build operations Thread 21" [_thread_blocked, id=1420, stack(0x000000d6bd300000,0x000000d6bd400000)]
  0x000001fa310f5000 JavaThread "Unconstrained build operations Thread 22" [_thread_blocked, id=28420, stack(0x000000d6bd400000,0x000000d6bd500000)]
  0x000001fa310f4800 JavaThread "Unconstrained build operations Thread 23" [_thread_blocked, id=27316, stack(0x000000d6bd500000,0x000000d6bd600000)]
  0x000001fa310f6000 JavaThread "Unconstrained build operations Thread 24" [_thread_blocked, id=34124, stack(0x000000d6bd600000,0x000000d6bd700000)]
  0x000001fa310f2000 JavaThread "Unconstrained build operations Thread 25" [_thread_blocked, id=27188, stack(0x000000d6bd700000,0x000000d6bd800000)]
  0x000001fa310f1000 JavaThread "Unconstrained build operations Thread 26" [_thread_blocked, id=28400, stack(0x000000d6bd800000,0x000000d6bd900000)]
  0x000001fa310f3000 JavaThread "Unconstrained build operations Thread 27" [_thread_blocked, id=4936, stack(0x000000d6bd900000,0x000000d6bda00000)]
  0x000001fa310f0800 JavaThread "Unconstrained build operations Thread 28" [_thread_blocked, id=12908, stack(0x000000d6bda00000,0x000000d6bdb00000)]
  0x000001fa310f3800 JavaThread "Unconstrained build operations Thread 29" [_thread_blocked, id=30064, stack(0x000000d6bdb00000,0x000000d6bdc00000)]
  0x000001fa310f7000 JavaThread "Unconstrained build operations Thread 30" [_thread_blocked, id=34156, stack(0x000000d6bdc00000,0x000000d6bdd00000)]
  0x000001fa349c9800 JavaThread "Unconstrained build operations Thread 31" [_thread_blocked, id=11868, stack(0x000000d6bdd00000,0x000000d6bde00000)]
  0x000001fa349c6000 JavaThread "Unconstrained build operations Thread 32" [_thread_blocked, id=8172, stack(0x000000d6bde00000,0x000000d6bdf00000)]
  0x000001fa349c7800 JavaThread "Unconstrained build operations Thread 33" [_thread_blocked, id=25324, stack(0x000000d6bdf00000,0x000000d6be000000)]
  0x000001fa349c5800 JavaThread "Unconstrained build operations Thread 34" [_thread_blocked, id=84, stack(0x000000d6be000000,0x000000d6be100000)]
  0x000001fa349c4800 JavaThread "Unconstrained build operations Thread 35" [_thread_blocked, id=8088, stack(0x000000d6be100000,0x000000d6be200000)]
  0x000001fa349ca000 JavaThread "Unconstrained build operations Thread 36" [_thread_blocked, id=31664, stack(0x000000d6be200000,0x000000d6be300000)]
  0x000001fa349c7000 JavaThread "Unconstrained build operations Thread 37" [_thread_blocked, id=18540, stack(0x000000d6be300000,0x000000d6be400000)]
  0x000001fa349cb000 JavaThread "Unconstrained build operations Thread 38" [_thread_blocked, id=10064, stack(0x000000d6be400000,0x000000d6be500000)]
  0x000001fa349cc000 JavaThread "Unconstrained build operations Thread 39" [_thread_blocked, id=25856, stack(0x000000d6be500000,0x000000d6be600000)]
  0x000001fa349cc800 JavaThread "Unconstrained build operations Thread 40" [_thread_blocked, id=15296, stack(0x000000d6be600000,0x000000d6be700000)]
  0x000001fa349cd800 JavaThread "Unconstrained build operations Thread 41" [_thread_blocked, id=11692, stack(0x000000d6be700000,0x000000d6be800000)]
  0x000001fa349c8800 JavaThread "Unconstrained build operations Thread 42" [_thread_blocked, id=31320, stack(0x000000d6be800000,0x000000d6be900000)]
  0x000001fa349ce000 JavaThread "Unconstrained build operations Thread 43" [_thread_blocked, id=32596, stack(0x000000d6be900000,0x000000d6bea00000)]
  0x000001fa349d0000 JavaThread "Unconstrained build operations Thread 44" [_thread_blocked, id=27236, stack(0x000000d6bea00000,0x000000d6beb00000)]
  0x000001fa349cf000 JavaThread "Unconstrained build operations Thread 45" [_thread_blocked, id=16300, stack(0x000000d6beb00000,0x000000d6bec00000)]
  0x000001fa349d2800 JavaThread "Unconstrained build operations Thread 46" [_thread_blocked, id=24420, stack(0x000000d6bec00000,0x000000d6bed00000)]
  0x000001fa349d0800 JavaThread "Unconstrained build operations Thread 47" [_thread_blocked, id=29008, stack(0x000000d6bed00000,0x000000d6bee00000)]
  0x000001fa349d1800 JavaThread "Unconstrained build operations Thread 48" [_thread_blocked, id=30580, stack(0x000000d6bee00000,0x000000d6bef00000)]
  0x000001fa349d3000 JavaThread "Unconstrained build operations Thread 49" [_thread_blocked, id=27712, stack(0x000000d6bef00000,0x000000d6bf000000)]
  0x000001fa2ff4a800 JavaThread "Unconstrained build operations Thread 50" [_thread_blocked, id=30724, stack(0x000000d6bf000000,0x000000d6bf100000)]
  0x000001fa2ff45800 JavaThread "Unconstrained build operations Thread 51" [_thread_blocked, id=13984, stack(0x000000d6bf100000,0x000000d6bf200000)]
  0x000001fa2ff4c000 JavaThread "Unconstrained build operations Thread 52" [_thread_blocked, id=30096, stack(0x000000d6bf200000,0x000000d6bf300000)]
  0x000001fa2ff47000 JavaThread "Unconstrained build operations Thread 53" [_thread_blocked, id=31612, stack(0x000000d6bf300000,0x000000d6bf400000)]
  0x000001fa2ff48000 JavaThread "Unconstrained build operations Thread 54" [_thread_blocked, id=33664, stack(0x000000d6bf400000,0x000000d6bf500000)]
  0x000001fa2ff4b000 JavaThread "Unconstrained build operations Thread 55" [_thread_blocked, id=29140, stack(0x000000d6bf500000,0x000000d6bf600000)]
  0x000001fa2ff49000 JavaThread "Unconstrained build operations Thread 56" [_thread_blocked, id=32020, stack(0x000000d6bf600000,0x000000d6bf700000)]
  0x000001fa2ff46800 JavaThread "Unconstrained build operations Thread 57" [_thread_blocked, id=21548, stack(0x000000d6bf700000,0x000000d6bf800000)]
  0x000001fa2ff49800 JavaThread "Unconstrained build operations Thread 58" [_thread_blocked, id=31224, stack(0x000000d6bf800000,0x000000d6bf900000)]
  0x000001fa2ff51800 JavaThread "Unconstrained build operations Thread 59" [_thread_blocked, id=34416, stack(0x000000d6bf900000,0x000000d6bfa00000)]
  0x000001fa2ff4d000 JavaThread "Unconstrained build operations Thread 60" [_thread_blocked, id=29976, stack(0x000000d6bfa00000,0x000000d6bfb00000)]
  0x000001fa2ff51000 JavaThread "Unconstrained build operations Thread 61" [_thread_blocked, id=29728, stack(0x000000d6bfb00000,0x000000d6bfc00000)]
  0x000001fa2ff50000 JavaThread "Unconstrained build operations Thread 62" [_thread_blocked, id=4428, stack(0x000000d6bfc00000,0x000000d6bfd00000)]
  0x000001fa2ff52800 JavaThread "Unconstrained build operations Thread 63" [_thread_blocked, id=30160, stack(0x000000d6bfd00000,0x000000d6bfe00000)]
  0x000001fa2ff53800 JavaThread "Unconstrained build operations Thread 64" [_thread_blocked, id=25928, stack(0x000000d6bfe00000,0x000000d6bff00000)]
  0x000001fa2ff4d800 JavaThread "Unconstrained build operations Thread 65" [_thread_blocked, id=22968, stack(0x000000d6bff00000,0x000000d6c0000000)]
  0x000001fa2ff54000 JavaThread "Unconstrained build operations Thread 66" [_thread_blocked, id=16100, stack(0x000000d6c0000000,0x000000d6c0100000)]
  0x000001fa2ff4f800 JavaThread "Unconstrained build operations Thread 67" [_thread_blocked, id=34432, stack(0x000000d6c0100000,0x000000d6c0200000)]
  0x000001fa2ff4e800 JavaThread "Unconstrained build operations Thread 68" [_thread_blocked, id=13124, stack(0x000000d6c0200000,0x000000d6c0300000)]
  0x000001fa307c9000 JavaThread "Unconstrained build operations Thread 69" [_thread_blocked, id=28856, stack(0x000000d6c0300000,0x000000d6c0400000)]
  0x000001fa307cd000 JavaThread "Unconstrained build operations Thread 70" [_thread_blocked, id=34100, stack(0x000000d6c0400000,0x000000d6c0500000)]
  0x000001fa307c8000 JavaThread "Unconstrained build operations Thread 71" [_thread_blocked, id=32388, stack(0x000000d6c0500000,0x000000d6c0600000)]
  0x000001fa307ce000 JavaThread "Unconstrained build operations Thread 72" [_thread_blocked, id=20784, stack(0x000000d6c0600000,0x000000d6c0700000)]
  0x000001fa307cf000 JavaThread "Unconstrained build operations Thread 73" [_thread_blocked, id=32496, stack(0x000000d6c0700000,0x000000d6c0800000)]
  0x000001fa307ca800 JavaThread "Unconstrained build operations Thread 74" [_thread_blocked, id=34104, stack(0x000000d6c0800000,0x000000d6c0900000)]
  0x000001fa307cc800 JavaThread "Unconstrained build operations Thread 75" [_thread_blocked, id=19364, stack(0x000000d6c0900000,0x000000d6c0a00000)]
  0x000001fa307cf800 JavaThread "Unconstrained build operations Thread 76" [_thread_blocked, id=28676, stack(0x000000d6c0a00000,0x000000d6c0b00000)]
  0x000001fa307cb800 JavaThread "Unconstrained build operations Thread 77" [_thread_blocked, id=4776, stack(0x000000d6c0b00000,0x000000d6c0c00000)]
  0x000001fa307ca000 JavaThread "Unconstrained build operations Thread 78" [_thread_blocked, id=27320, stack(0x000000d6c0c00000,0x000000d6c0d00000)]
  0x000001fa307d5800 JavaThread "Unconstrained build operations Thread 79" [_thread_blocked, id=34404, stack(0x000000d6c0d00000,0x000000d6c0e00000)]
  0x000001fa307d6000 JavaThread "Unconstrained build operations Thread 80" [_thread_blocked, id=11228, stack(0x000000d6c0e00000,0x000000d6c0f00000)]
  0x000001fa307d2000 JavaThread "jar transforms Thread 4" [_thread_blocked, id=19632, stack(0x000000d6c0f00000,0x000000d6c1000000)]
  0x000001fa307d3000 JavaThread "jar transforms Thread 5" [_thread_blocked, id=32944, stack(0x000000d6c1000000,0x000000d6c1100000)]
  0x000001fa307d3800 JavaThread "jar transforms Thread 6" [_thread_blocked, id=31496, stack(0x000000d6c1100000,0x000000d6c1200000)]
  0x000001fa307d1000 JavaThread "jar transforms Thread 7" [_thread_blocked, id=26880, stack(0x000000d6c1200000,0x000000d6c1300000)]
  0x000001fa307d0800 JavaThread "jar transforms Thread 8" [_thread_blocked, id=33044, stack(0x000000d6c1300000,0x000000d6c1400000)]
  0x000001fa307d7000 JavaThread "Memory manager" [_thread_blocked, id=20496, stack(0x000000d6c1400000,0x000000d6c1500000)]
  0x000001fa35b13000 JavaThread "build event listener" [_thread_blocked, id=22896, stack(0x000000d6c1500000,0x000000d6c1600000)]
  0x000001fa35b17800 JavaThread "Execution worker for ':'" [_thread_blocked, id=33448, stack(0x000000d6c1600000,0x000000d6c1700000)]
  0x000001fa35b15800 JavaThread "Execution worker for ':' Thread 2" [_thread_blocked, id=3036, stack(0x000000d6c1700000,0x000000d6c1800000)]
  0x000001fa35b13800 JavaThread "Execution worker for ':' Thread 3" [_thread_blocked, id=7408, stack(0x000000d6c1800000,0x000000d6c1900000)]
  0x000001fa35b14800 JavaThread "Execution worker for ':' Thread 4" [_thread_blocked, id=27428, stack(0x000000d6c1900000,0x000000d6c1a00000)]
  0x000001fa35b18800 JavaThread "Execution worker for ':' Thread 5" [_thread_blocked, id=2632, stack(0x000000d6c1a00000,0x000000d6c1b00000)]
  0x000001fa35b16000 JavaThread "Execution worker for ':' Thread 6" [_thread_in_Java, id=30144, stack(0x000000d6c1b00000,0x000000d6c1c00000)]
  0x000001fa35b17000 JavaThread "Execution worker for ':' Thread 7" [_thread_blocked, id=14016, stack(0x000000d6c1c00000,0x000000d6c1d00000)]
  0x000001fa35b19800 JavaThread "Cache worker for execution history cache (C:\Users\MSI\Desktop\master\Gestion-de-projet\APP_JAVA\.gradle\7.2\executionHistory)" [_thread_blocked, id=24220, stack(0x000000d6c1d00000,0x000000d6c1e00000)]
  0x000001fa31133800 JavaThread "WorkerExecutor Queue" [_thread_blocked, id=30056, stack(0x000000d6c1e00000,0x000000d6c1f00000)]
  0x000001fa31134000 JavaThread "Exec process" [_thread_blocked, id=28784, stack(0x000000d6c2000000,0x000000d6c2100000)]
  0x000001fa31135000 JavaThread "Exec process Thread 2" [_thread_blocked, id=21896, stack(0x000000d6c2100000,0x000000d6c2200000)]
  0x000001fa31136000 JavaThread "Exec process Thread 3" [_thread_blocked, id=33188, stack(0x000000d6c2200000,0x000000d6c2300000)]
  0x000001fa31131000 JavaThread "WorkerExecutor Queue Thread 3" [_thread_blocked, id=30856, stack(0x000000d6c2300000,0x000000d6c2400000)]
  0x000001fa31136800 JavaThread "WorkerExecutor Queue Thread 5" [_thread_blocked, id=17524, stack(0x000000d6c2500000,0x000000d6c2600000)]
  0x000001fa31137800 JavaThread "WorkerExecutor Queue Thread 6" [_thread_blocked, id=5216, stack(0x000000d6c2600000,0x000000d6c2700000)]
  0x000001fa3113a800 JavaThread "WorkerExecutor Queue Thread 8" [_thread_blocked, id=18820, stack(0x000000d6c2800000,0x000000d6c2900000)]
  0x000001fa31139000 JavaThread "Cache worker for Java compile cache (C:\Users\MSI\.gradle\caches\7.2\javaCompile)" [_thread_blocked, id=16888, stack(0x000000d6bb700000,0x000000d6bb800000)]
  0x000001fa32fa4000 JavaThread "C2 CompilerThread1" daemon [_thread_in_native, id=33024, stack(0x000000d6bb800000,0x000000d6bb900000)]
  0x000001fa2df86000 JavaThread "C2 CompilerThread2" daemon [_thread_in_native, id=26144, stack(0x000000d6c2900000,0x000000d6c2a00000)]

Other Threads:
  0x000001fa2d66d800 VMThread "VM Thread" [stack: 0x000000d6b9000000,0x000000d6b9100000] [id=1164]
  0x000001fa2d857000 WatcherThread [stack: 0x000000d6b9a00000,0x000000d6b9b00000] [id=16924]
  0x000001fa129a6800 GCTaskThread "GC Thread#0" [stack: 0x000000d6b8b00000,0x000000d6b8c00000] [id=592]
  0x000001fa2e0b6800 GCTaskThread "GC Thread#1" [stack: 0x000000d6b9c00000,0x000000d6b9d00000] [id=15352]
  0x000001fa2e6aa000 GCTaskThread "GC Thread#2" [stack: 0x000000d6b9d00000,0x000000d6b9e00000] [id=32364]
  0x000001fa2e6db000 GCTaskThread "GC Thread#3" [stack: 0x000000d6b9e00000,0x000000d6b9f00000] [id=10952]
  0x000001fa2e2a4800 GCTaskThread "GC Thread#4" [stack: 0x000000d6b9f00000,0x000000d6ba000000] [id=21780]
  0x000001fa2e6d1000 GCTaskThread "GC Thread#5" [stack: 0x000000d6ba000000,0x000000d6ba100000] [id=27040]
  0x000001fa2e6cc800 GCTaskThread "GC Thread#6" [stack: 0x000000d6bab00000,0x000000d6bac00000] [id=22764]
  0x000001fa2e6cc000 GCTaskThread "GC Thread#7" [stack: 0x000000d6bac00000,0x000000d6bad00000] [id=34272]
  0x000001fa129db800 ConcurrentGCThread "G1 Main Marker" [stack: 0x000000d6b8c00000,0x000000d6b8d00000] [id=29020]
  0x000001fa129dd000 ConcurrentGCThread "G1 Conc#0" [stack: 0x000000d6b8d00000,0x000000d6b8e00000] [id=32572]
  0x000001fa2e6ce000 ConcurrentGCThread "G1 Conc#1" [stack: 0x000000d6bb000000,0x000000d6bb100000] [id=33220]
  0x000001fa2ccc0800 ConcurrentGCThread "G1 Refine#0" [stack: 0x000000d6b8e00000,0x000000d6b8f00000] [id=17972]
  0x000001fa315d7000 ConcurrentGCThread "G1 Refine#1" [stack: 0x000000d6c1f00000,0x000000d6c2000000] [id=1656]
  0x000001fa30e62000 ConcurrentGCThread "G1 Refine#2" [stack: 0x000000d6c2400000,0x000000d6c2500000] [id=11220]
  0x000001fa3676b800 ConcurrentGCThread "G1 Refine#3" [stack: 0x000000d6c2700000,0x000000d6c2800000] [id=23712]
  0x000001fa2ccc1000 ConcurrentGCThread "G1 Young RemSet Sampling" [stack: 0x000000d6b8f00000,0x000000d6b9000000] [id=23652]

Threads with active compile tasks:
C2 CompilerThread0  20096 13602       4       com.sun.tools.javac.comp.Check::checkType (168 bytes)
C2 CompilerThread1  20097 13712       4       com.sun.tools.javac.jvm.ClassFile::externalize (51 bytes)
C2 CompilerThread2  20097 12788       4       com.sun.tools.javac.comp.Attr::check (219 bytes)

VM state:not at safepoint (normal execution)

VM Mutex/Monitor currently owned by a thread: None

Heap address: 0x0000000080000000, size: 2048 MB, Compressed Oops mode: 32-bit
Narrow klass base: 0x0000000000000000, Narrow klass shift: 3
Compressed class space size: 1073741824 Address: 0x0000000100000000

Heap:
 garbage-first heap   total 262144K, used 183915K [0x0000000080000000, 0x0000000100000000)
  region size 1024K, 82 young (83968K), 16 survivors (16384K)
 Metaspace       used 104478K, capacity 106938K, committed 107068K, reserved 1142784K
  class space    used 13364K, capacity 14317K, committed 14336K, reserved 1048576K
Heap Regions: E=young(eden), S=young(survivor), O=old, HS=humongous(starts), HC=humongous(continues), CS=collection set, F=free, A=archive, TAMS=top-at-mark-start (previous, next)
|   0|0x0000000080000000, 0x0000000080100000, 0x0000000080100000|100%| O|  |TAMS 0x0000000080100000, 0x0000000080000000| Untracked 
|   1|0x0000000080100000, 0x0000000080200000, 0x0000000080200000|100%| O|  |TAMS 0x0000000080200000, 0x0000000080100000| Untracked 
|   2|0x0000000080200000, 0x0000000080300000, 0x0000000080300000|100%| O|  |TAMS 0x0000000080300000, 0x0000000080200000| Untracked 
|   3|0x0000000080300000, 0x0000000080400000, 0x0000000080400000|100%|HS|  |TAMS 0x0000000080400000, 0x0000000080300000| Complete 
|   4|0x0000000080400000, 0x0000000080500000, 0x0000000080500000|100%|HC|  |TAMS 0x0000000080500000, 0x0000000080400000| Complete 
|   5|0x0000000080500000, 0x0000000080600000, 0x0000000080600000|100%|HC|  |TAMS 0x0000000080600000, 0x0000000080500000| Complete 
|   6|0x0000000080600000, 0x0000000080700000, 0x0000000080700000|100%| O|  |TAMS 0x0000000080700000, 0x0000000080600000| Untracked 
|   7|0x0000000080700000, 0x0000000080800000, 0x0000000080800000|100%| O|  |TAMS 0x0000000080800000, 0x0000000080700000| Untracked 
|   8|0x0000000080800000, 0x0000000080900000, 0x0000000080900000|100%| O|  |TAMS 0x0000000080900000, 0x0000000080800000| Untracked 
|   9|0x0000000080900000, 0x0000000080a00000, 0x0000000080a00000|100%| O|  |TAMS 0x0000000080a00000, 0x0000000080900000| Untracked 
|  10|0x0000000080a00000, 0x0000000080b00000, 0x0000000080b00000|100%| O|  |TAMS 0x0000000080b00000, 0x0000000080a00000| Untracked 
|  11|0x0000000080b00000, 0x0000000080c00000, 0x0000000080c00000|100%| O|  |TAMS 0x0000000080c00000, 0x0000000080b00000| Untracked 
|  12|0x0000000080c00000, 0x0000000080d00000, 0x0000000080d00000|100%| O|  |TAMS 0x0000000080d00000, 0x0000000080c00000| Untracked 
|  13|0x0000000080d00000, 0x0000000080e00000, 0x0000000080e00000|100%| O|  |TAMS 0x0000000080e00000, 0x0000000080d00000| Untracked 
|  14|0x0000000080e00000, 0x0000000080f00000, 0x0000000080f00000|100%| O|  |TAMS 0x0000000080f00000, 0x0000000080e00000| Untracked 
|  15|0x0000000080f00000, 0x0000000081000000, 0x0000000081000000|100%| O|  |TAMS 0x0000000081000000, 0x0000000080f00000| Untracked 
|  16|0x0000000081000000, 0x0000000081100000, 0x0000000081100000|100%| O|  |TAMS 0x0000000081100000, 0x0000000081000000| Untracked 
|  17|0x0000000081100000, 0x0000000081200000, 0x0000000081200000|100%|HS|  |TAMS 0x0000000081200000, 0x0000000081100000| Complete 
|  18|0x0000000081200000, 0x0000000081300000, 0x0000000081300000|100%|HS|  |TAMS 0x0000000081300000, 0x0000000081200000| Complete 
|  19|0x0000000081300000, 0x0000000081400000, 0x0000000081400000|100%|HS|  |TAMS 0x0000000081400000, 0x0000000081300000| Complete 
|  20|0x0000000081400000, 0x0000000081500000, 0x0000000081500000|100%|HS|  |TAMS 0x0000000081500000, 0x0000000081400000| Complete 
|  21|0x0000000081500000, 0x0000000081600000, 0x0000000081600000|100%|HC|  |TAMS 0x0000000081600000, 0x0000000081500000| Complete 
|  22|0x0000000081600000, 0x0000000081700000, 0x0000000081700000|100%| O|  |TAMS 0x0000000081700000, 0x0000000081600000| Untracked 
|  23|0x0000000081700000, 0x0000000081800000, 0x0000000081800000|100%| O|  |TAMS 0x0000000081800000, 0x0000000081700000| Untracked 
|  24|0x0000000081800000, 0x0000000081900000, 0x0000000081900000|100%| O|  |TAMS 0x0000000081900000, 0x0000000081800000| Untracked 
|  25|0x0000000081900000, 0x0000000081a00000, 0x0000000081a00000|100%| O|  |TAMS 0x0000000081a00000, 0x0000000081900000| Untracked 
|  26|0x0000000081a00000, 0x0000000081b00000, 0x0000000081b00000|100%| O|  |TAMS 0x0000000081b00000, 0x0000000081a00000| Untracked 
|  27|0x0000000081b00000, 0x0000000081c00000, 0x0000000081c00000|100%| O|  |TAMS 0x0000000081c00000, 0x0000000081b00000| Untracked 
|  28|0x0000000081c00000, 0x0000000081d00000, 0x0000000081d00000|100%| O|  |TAMS 0x0000000081d00000, 0x0000000081c00000| Untracked 
|  29|0x0000000081d00000, 0x0000000081e00000, 0x0000000081e00000|100%| O|  |TAMS 0x0000000081e00000, 0x0000000081d00000| Untracked 
|  30|0x0000000081e00000, 0x0000000081f00000, 0x0000000081f00000|100%| O|  |TAMS 0x0000000081f00000, 0x0000000081e00000| Untracked 
|  31|0x0000000081f00000, 0x0000000082000000, 0x0000000082000000|100%| O|  |TAMS 0x0000000082000000, 0x0000000081f00000| Untracked 
|  32|0x0000000082000000, 0x0000000082100000, 0x0000000082100000|100%| O|  |TAMS 0x0000000082100000, 0x0000000082000000| Untracked 
|  33|0x0000000082100000, 0x0000000082200000, 0x0000000082200000|100%| O|  |TAMS 0x0000000082200000, 0x0000000082100000| Untracked 
|  34|0x0000000082200000, 0x0000000082300000, 0x0000000082300000|100%| O|  |TAMS 0x0000000082300000, 0x0000000082200000| Untracked 
|  35|0x0000000082300000, 0x0000000082400000, 0x0000000082400000|100%| O|  |TAMS 0x0000000082400000, 0x0000000082300000| Untracked 
|  36|0x0000000082400000, 0x0000000082500000, 0x0000000082500000|100%| O|  |TAMS 0x0000000082500000, 0x0000000082400000| Untracked 
|  37|0x0000000082500000, 0x0000000082600000, 0x0000000082600000|100%| O|  |TAMS 0x0000000082600000, 0x0000000082500000| Untracked 
|  38|0x0000000082600000, 0x0000000082700000, 0x0000000082700000|100%| O|  |TAMS 0x0000000082700000, 0x0000000082600000| Untracked 
|  39|0x0000000082700000, 0x0000000082800000, 0x0000000082800000|100%| O|  |TAMS 0x0000000082800000, 0x0000000082700000| Untracked 
|  40|0x0000000082800000, 0x0000000082900000, 0x0000000082900000|100%| O|  |TAMS 0x0000000082900000, 0x0000000082800000| Untracked 
|  41|0x0000000082900000, 0x0000000082a00000, 0x0000000082a00000|100%| O|  |TAMS 0x0000000082a00000, 0x0000000082900000| Untracked 
|  42|0x0000000082a00000, 0x0000000082b00000, 0x0000000082b00000|100%| O|  |TAMS 0x0000000082b00000, 0x0000000082a00000| Untracked 
|  43|0x0000000082b00000, 0x0000000082c00000, 0x0000000082c00000|100%| O|  |TAMS 0x0000000082c00000, 0x0000000082b00000| Untracked 
|  44|0x0000000082c00000, 0x0000000082d00000, 0x0000000082d00000|100%| O|  |TAMS 0x0000000082d00000, 0x0000000082c00000| Untracked 
|  45|0x0000000082d00000, 0x0000000082e00000, 0x0000000082e00000|100%| O|  |TAMS 0x0000000082e00000, 0x0000000082d00000| Untracked 
|  46|0x0000000082e00000, 0x0000000082f00000, 0x0000000082f00000|100%| O|  |TAMS 0x0000000082f00000, 0x0000000082e00000| Untracked 
|  47|0x0000000082f00000, 0x0000000083000000, 0x0000000083000000|100%| O|  |TAMS 0x0000000083000000, 0x0000000082f00000| Untracked 
|  48|0x0000000083000000, 0x0000000083100000, 0x0000000083100000|100%| O|  |TAMS 0x0000000083100000, 0x0000000083000000| Untracked 
|  49|0x0000000083100000, 0x0000000083200000, 0x0000000083200000|100%| O|  |TAMS 0x0000000083200000, 0x0000000083100000| Untracked 
|  50|0x0000000083200000, 0x0000000083300000, 0x0000000083300000|100%| O|  |TAMS 0x0000000083300000, 0x0000000083200000| Untracked 
|  51|0x0000000083300000, 0x0000000083400000, 0x0000000083400000|100%| O|  |TAMS 0x0000000083400000, 0x0000000083300000| Untracked 
|  52|0x0000000083400000, 0x0000000083500000, 0x0000000083500000|100%| O|  |TAMS 0x0000000083500000, 0x0000000083400000| Untracked 
|  53|0x0000000083500000, 0x0000000083600000, 0x0000000083600000|100%| O|  |TAMS 0x0000000083600000, 0x0000000083500000| Untracked 
|  54|0x0000000083600000, 0x0000000083700000, 0x0000000083700000|100%| O|  |TAMS 0x0000000083700000, 0x0000000083600000| Untracked 
|  55|0x0000000083700000, 0x0000000083800000, 0x0000000083800000|100%| O|  |TAMS 0x0000000083800000, 0x0000000083700000| Untracked 
|  56|0x0000000083800000, 0x0000000083900000, 0x0000000083900000|100%| O|  |TAMS 0x0000000083900000, 0x0000000083800000| Untracked 
|  57|0x0000000083900000, 0x0000000083a00000, 0x0000000083a00000|100%| O|  |TAMS 0x0000000083a00000, 0x0000000083900000| Untracked 
|  58|0x0000000083a00000, 0x0000000083b00000, 0x0000000083b00000|100%| O|  |TAMS 0x0000000083b00000, 0x0000000083a00000| Untracked 
|  59|0x0000000083b00000, 0x0000000083c00000, 0x0000000083c00000|100%| O|  |TAMS 0x0000000083c00000, 0x0000000083b00000| Untracked 
|  60|0x0000000083c00000, 0x0000000083d00000, 0x0000000083d00000|100%| O|  |TAMS 0x0000000083d00000, 0x0000000083c00000| Untracked 
|  61|0x0000000083d00000, 0x0000000083e00000, 0x0000000083e00000|100%| O|  |TAMS 0x0000000083e00000, 0x0000000083d00000| Untracked 
|  62|0x0000000083e00000, 0x0000000083f00000, 0x0000000083f00000|100%| O|  |TAMS 0x0000000083f00000, 0x0000000083e00000| Untracked 
|  63|0x0000000083f00000, 0x0000000084000000, 0x0000000084000000|100%| O|  |TAMS 0x0000000084000000, 0x0000000083f00000| Untracked 
|  64|0x0000000084000000, 0x0000000084100000, 0x0000000084100000|100%| O|  |TAMS 0x0000000084100000, 0x0000000084000000| Untracked 
|  65|0x0000000084100000, 0x0000000084200000, 0x0000000084200000|100%| O|  |TAMS 0x0000000084200000, 0x0000000084100000| Untracked 
|  66|0x0000000084200000, 0x0000000084300000, 0x0000000084300000|100%| O|  |TAMS 0x0000000084300000, 0x0000000084200000| Untracked 
|  67|0x0000000084300000, 0x0000000084400000, 0x0000000084400000|100%|HS|  |TAMS 0x0000000084400000, 0x0000000084300000| Complete 
|  68|0x0000000084400000, 0x0000000084500000, 0x0000000084500000|100%|HS|  |TAMS 0x0000000084500000, 0x0000000084400000| Complete 
|  69|0x0000000084500000, 0x0000000084600000, 0x0000000084600000|100%|HC|  |TAMS 0x0000000084600000, 0x0000000084500000| Complete 
|  70|0x0000000084600000, 0x0000000084600000, 0x0000000084700000|  0%| F|  |TAMS 0x0000000084600000, 0x0000000084600000| Untracked 
|  71|0x0000000084700000, 0x0000000084700000, 0x0000000084800000|  0%| F|  |TAMS 0x0000000084700000, 0x0000000084700000| Untracked 
|  72|0x0000000084800000, 0x0000000084800000, 0x0000000084900000|  0%| F|  |TAMS 0x0000000084800000, 0x0000000084800000| Untracked 
|  73|0x0000000084900000, 0x0000000084900000, 0x0000000084a00000|  0%| F|  |TAMS 0x0000000084900000, 0x0000000084900000| Untracked 
|  74|0x0000000084a00000, 0x0000000084a00000, 0x0000000084b00000|  0%| F|  |TAMS 0x0000000084a00000, 0x0000000084a00000| Untracked 
|  75|0x0000000084b00000, 0x0000000084c00000, 0x0000000084c00000|100%|HS|  |TAMS 0x0000000084c00000, 0x0000000084b00000| Complete 
|  76|0x0000000084c00000, 0x0000000084c00000, 0x0000000084d00000|  0%| F|  |TAMS 0x0000000084c00000, 0x0000000084c00000| Untracked 
|  77|0x0000000084d00000, 0x0000000084d00000, 0x0000000084e00000|  0%| F|  |TAMS 0x0000000084d00000, 0x0000000084d00000| Untracked 
|  78|0x0000000084e00000, 0x0000000084e00000, 0x0000000084f00000|  0%| F|  |TAMS 0x0000000084e00000, 0x0000000084e00000| Untracked 
|  79|0x0000000084f00000, 0x0000000085000000, 0x0000000085000000|100%|HS|  |TAMS 0x0000000085000000, 0x0000000084f00000| Complete 
|  80|0x0000000085000000, 0x0000000085100000, 0x0000000085100000|100%|HC|  |TAMS 0x0000000085100000, 0x0000000085000000| Complete 
|  81|0x0000000085100000, 0x0000000085100000, 0x0000000085200000|  0%| F|  |TAMS 0x0000000085100000, 0x0000000085100000| Untracked 
|  82|0x0000000085200000, 0x0000000085200000, 0x0000000085300000|  0%| F|  |TAMS 0x0000000085200000, 0x0000000085200000| Untracked 
|  83|0x0000000085300000, 0x0000000085300000, 0x0000000085400000|  0%| F|  |TAMS 0x0000000085300000, 0x0000000085300000| Untracked 
|  84|0x0000000085400000, 0x0000000085400000, 0x0000000085500000|  0%| F|  |TAMS 0x0000000085400000, 0x0000000085400000| Untracked 
|  85|0x0000000085500000, 0x0000000085500000, 0x0000000085600000|  0%| F|  |TAMS 0x0000000085500000, 0x0000000085500000| Untracked 
|  86|0x0000000085600000, 0x0000000085700000, 0x0000000085700000|100%|HS|  |TAMS 0x0000000085700000, 0x0000000085600000| Complete 
|  87|0x0000000085700000, 0x0000000085800000, 0x0000000085800000|100%|HC|  |TAMS 0x0000000085800000, 0x0000000085700000| Complete 
|  88|0x0000000085800000, 0x0000000085900000, 0x0000000085900000|100%| O|  |TAMS 0x0000000085900000, 0x0000000085800000| Untracked 
|  89|0x0000000085900000, 0x0000000085a00000, 0x0000000085a00000|100%| O|  |TAMS 0x0000000085a00000, 0x0000000085900000| Untracked 
|  90|0x0000000085a00000, 0x0000000085b00000, 0x0000000085b00000|100%| O|  |TAMS 0x0000000085b00000, 0x0000000085a00000| Untracked 
|  91|0x0000000085b00000, 0x0000000085c00000, 0x0000000085c00000|100%| O|  |TAMS 0x0000000085c00000, 0x0000000085b00000| Untracked 
|  92|0x0000000085c00000, 0x0000000085d00000, 0x0000000085d00000|100%| O|  |TAMS 0x0000000085d00000, 0x0000000085c00000| Untracked 
|  93|0x0000000085d00000, 0x0000000085e00000, 0x0000000085e00000|100%| O|  |TAMS 0x0000000085e00000, 0x0000000085d00000| Untracked 
|  94|0x0000000085e00000, 0x0000000085f00000, 0x0000000085f00000|100%| O|  |TAMS 0x0000000085f00000, 0x0000000085e00000| Untracked 
|  95|0x0000000085f00000, 0x0000000086000000, 0x0000000086000000|100%| O|  |TAMS 0x0000000086000000, 0x0000000085f00000| Untracked 
|  96|0x0000000086000000, 0x0000000086100000, 0x0000000086100000|100%| O|  |TAMS 0x0000000086100000, 0x0000000086000000| Untracked 
|  97|0x0000000086100000, 0x0000000086200000, 0x0000000086200000|100%| O|  |TAMS 0x0000000086200000, 0x0000000086100000| Untracked 
|  98|0x0000000086200000, 0x0000000086300000, 0x0000000086300000|100%| O|  |TAMS 0x0000000086300000, 0x0000000086200000| Untracked 
|  99|0x0000000086300000, 0x0000000086400000, 0x0000000086400000|100%| O|  |TAMS 0x0000000086400000, 0x0000000086300000| Untracked 
| 100|0x0000000086400000, 0x0000000086500000, 0x0000000086500000|100%| O|  |TAMS 0x0000000086500000, 0x0000000086400000| Untracked 
| 101|0x0000000086500000, 0x0000000086600000, 0x0000000086600000|100%| O|  |TAMS 0x0000000086600000, 0x0000000086500000| Untracked 
| 102|0x0000000086600000, 0x0000000086700000, 0x0000000086700000|100%| O|  |TAMS 0x0000000086700000, 0x0000000086600000| Untracked 
| 103|0x0000000086700000, 0x0000000086800000, 0x0000000086800000|100%| O|  |TAMS 0x0000000086800000, 0x0000000086700000| Untracked 
| 104|0x0000000086800000, 0x0000000086900000, 0x0000000086900000|100%| O|  |TAMS 0x0000000086900000, 0x0000000086800000| Untracked 
| 105|0x0000000086900000, 0x0000000086a00000, 0x0000000086a00000|100%| O|  |TAMS 0x0000000086a00000, 0x0000000086900000| Untracked 
| 106|0x0000000086a00000, 0x0000000086b00000, 0x0000000086b00000|100%| O|  |TAMS 0x0000000086b00000, 0x0000000086a00000| Untracked 
| 107|0x0000000086b00000, 0x0000000086c00000, 0x0000000086c00000|100%| O|  |TAMS 0x0000000086c00000, 0x0000000086b00000| Untracked 
| 108|0x0000000086c00000, 0x0000000086d00000, 0x0000000086d00000|100%| O|  |TAMS 0x0000000086d00000, 0x0000000086c00000| Untracked 
| 109|0x0000000086d00000, 0x0000000086e00000, 0x0000000086e00000|100%| O|  |TAMS 0x0000000086e00000, 0x0000000086d00000| Untracked 
| 110|0x0000000086e00000, 0x0000000086f00000, 0x0000000086f00000|100%| O|  |TAMS 0x0000000086f00000, 0x0000000086e00000| Untracked 
| 111|0x0000000086f00000, 0x0000000086f9ac00, 0x0000000087000000| 60%| O|  |TAMS 0x0000000086f9ac00, 0x0000000086f00000| Untracked 
| 112|0x0000000087000000, 0x0000000087000000, 0x0000000087100000|  0%| F|  |TAMS 0x0000000087000000, 0x0000000087000000| Untracked 
| 113|0x0000000087100000, 0x0000000087100000, 0x0000000087200000|  0%| F|  |TAMS 0x0000000087100000, 0x0000000087100000| Untracked 
| 114|0x0000000087200000, 0x0000000087300000, 0x0000000087300000|100%| S|CS|TAMS 0x0000000087200000, 0x0000000087200000| Complete 
| 115|0x0000000087300000, 0x0000000087400000, 0x0000000087400000|100%| S|CS|TAMS 0x0000000087300000, 0x0000000087300000| Complete 
| 116|0x0000000087400000, 0x0000000087500000, 0x0000000087500000|100%| S|CS|TAMS 0x0000000087400000, 0x0000000087400000| Complete 
| 117|0x0000000087500000, 0x0000000087600000, 0x0000000087600000|100%| S|CS|TAMS 0x0000000087500000, 0x0000000087500000| Complete 
| 118|0x0000000087600000, 0x0000000087700000, 0x0000000087700000|100%| S|CS|TAMS 0x0000000087600000, 0x0000000087600000| Complete 
| 119|0x0000000087700000, 0x0000000087800000, 0x0000000087800000|100%| S|CS|TAMS 0x0000000087700000, 0x0000000087700000| Complete 
| 120|0x0000000087800000, 0x0000000087900000, 0x0000000087900000|100%| S|CS|TAMS 0x0000000087800000, 0x0000000087800000| Complete 
| 121|0x0000000087900000, 0x0000000087a00000, 0x0000000087a00000|100%| S|CS|TAMS 0x0000000087900000, 0x0000000087900000| Complete 
| 122|0x0000000087a00000, 0x0000000087b00000, 0x0000000087b00000|100%| S|CS|TAMS 0x0000000087a00000, 0x0000000087a00000| Complete 
| 123|0x0000000087b00000, 0x0000000087c00000, 0x0000000087c00000|100%| S|CS|TAMS 0x0000000087b00000, 0x0000000087b00000| Complete 
| 124|0x0000000087c00000, 0x0000000087d00000, 0x0000000087d00000|100%| S|CS|TAMS 0x0000000087c00000, 0x0000000087c00000| Complete 
| 125|0x0000000087d00000, 0x0000000087e00000, 0x0000000087e00000|100%| S|CS|TAMS 0x0000000087d00000, 0x0000000087d00000| Complete 
| 126|0x0000000087e00000, 0x0000000087f00000, 0x0000000087f00000|100%| S|CS|TAMS 0x0000000087e00000, 0x0000000087e00000| Complete 
| 127|0x0000000087f00000, 0x0000000088000000, 0x0000000088000000|100%| S|CS|TAMS 0x0000000087f00000, 0x0000000087f00000| Complete 
| 128|0x0000000088000000, 0x0000000088100000, 0x0000000088100000|100%| S|CS|TAMS 0x0000000088000000, 0x0000000088000000| Complete 
| 129|0x0000000088100000, 0x0000000088200000, 0x0000000088200000|100%| S|CS|TAMS 0x0000000088100000, 0x0000000088100000| Complete 
| 130|0x0000000088200000, 0x0000000088200000, 0x0000000088300000|  0%| F|  |TAMS 0x0000000088200000, 0x0000000088200000| Untracked 
| 131|0x0000000088300000, 0x0000000088300000, 0x0000000088400000|  0%| F|  |TAMS 0x0000000088300000, 0x0000000088300000| Untracked 
| 132|0x0000000088400000, 0x0000000088400000, 0x0000000088500000|  0%| F|  |TAMS 0x0000000088400000, 0x0000000088400000| Untracked 
| 133|0x0000000088500000, 0x0000000088500000, 0x0000000088600000|  0%| F|  |TAMS 0x0000000088500000, 0x0000000088500000| Untracked 
| 134|0x0000000088600000, 0x0000000088600000, 0x0000000088700000|  0%| F|  |TAMS 0x0000000088600000, 0x0000000088600000| Untracked 
| 135|0x0000000088700000, 0x0000000088700000, 0x0000000088800000|  0%| F|  |TAMS 0x0000000088700000, 0x0000000088700000| Untracked 
| 136|0x0000000088800000, 0x0000000088800000, 0x0000000088900000|  0%| F|  |TAMS 0x0000000088800000, 0x0000000088800000| Untracked 
| 137|0x0000000088900000, 0x0000000088900000, 0x0000000088a00000|  0%| F|  |TAMS 0x0000000088900000, 0x0000000088900000| Untracked 
| 138|0x0000000088a00000, 0x0000000088a00000, 0x0000000088b00000|  0%| F|  |TAMS 0x0000000088a00000, 0x0000000088a00000| Untracked 
| 139|0x0000000088b00000, 0x0000000088b00000, 0x0000000088c00000|  0%| F|  |TAMS 0x0000000088b00000, 0x0000000088b00000| Untracked 
| 140|0x0000000088c00000, 0x0000000088c00000, 0x0000000088d00000|  0%| F|  |TAMS 0x0000000088c00000, 0x0000000088c00000| Untracked 
| 141|0x0000000088d00000, 0x0000000088d00000, 0x0000000088e00000|  0%| F|  |TAMS 0x0000000088d00000, 0x0000000088d00000| Untracked 
| 142|0x0000000088e00000, 0x0000000088e00000, 0x0000000088f00000|  0%| F|  |TAMS 0x0000000088e00000, 0x0000000088e00000| Untracked 
| 143|0x0000000088f00000, 0x0000000088f00000, 0x0000000089000000|  0%| F|  |TAMS 0x0000000088f00000, 0x0000000088f00000| Untracked 
| 144|0x0000000089000000, 0x0000000089000000, 0x0000000089100000|  0%| F|  |TAMS 0x0000000089000000, 0x0000000089000000| Untracked 
| 145|0x0000000089100000, 0x0000000089100000, 0x0000000089200000|  0%| F|  |TAMS 0x0000000089100000, 0x0000000089100000| Untracked 
| 146|0x0000000089200000, 0x0000000089200000, 0x0000000089300000|  0%| F|  |TAMS 0x0000000089200000, 0x0000000089200000| Untracked 
| 147|0x0000000089300000, 0x0000000089300000, 0x0000000089400000|  0%| F|  |TAMS 0x0000000089300000, 0x0000000089300000| Untracked 
| 148|0x0000000089400000, 0x0000000089400000, 0x0000000089500000|  0%| F|  |TAMS 0x0000000089400000, 0x0000000089400000| Untracked 
| 149|0x0000000089500000, 0x0000000089500000, 0x0000000089600000|  0%| F|  |TAMS 0x0000000089500000, 0x0000000089500000| Untracked 
| 150|0x0000000089600000, 0x0000000089600000, 0x0000000089700000|  0%| F|  |TAMS 0x0000000089600000, 0x0000000089600000| Untracked 
| 151|0x0000000089700000, 0x0000000089700000, 0x0000000089800000|  0%| F|  |TAMS 0x0000000089700000, 0x0000000089700000| Untracked 
| 152|0x0000000089800000, 0x0000000089800000, 0x0000000089900000|  0%| F|  |TAMS 0x0000000089800000, 0x0000000089800000| Untracked 
| 153|0x0000000089900000, 0x0000000089900000, 0x0000000089a00000|  0%| F|  |TAMS 0x0000000089900000, 0x0000000089900000| Untracked 
| 154|0x0000000089a00000, 0x0000000089a00000, 0x0000000089b00000|  0%| F|  |TAMS 0x0000000089a00000, 0x0000000089a00000| Untracked 
| 155|0x0000000089b00000, 0x0000000089b00000, 0x0000000089c00000|  0%| F|  |TAMS 0x0000000089b00000, 0x0000000089b00000| Untracked 
| 156|0x0000000089c00000, 0x0000000089c00000, 0x0000000089d00000|  0%| F|  |TAMS 0x0000000089c00000, 0x0000000089c00000| Untracked 
| 157|0x0000000089d00000, 0x0000000089d00000, 0x0000000089e00000|  0%| F|  |TAMS 0x0000000089d00000, 0x0000000089d00000| Untracked 
| 158|0x0000000089e00000, 0x0000000089e00000, 0x0000000089f00000|  0%| F|  |TAMS 0x0000000089e00000, 0x0000000089e00000| Untracked 
| 159|0x0000000089f00000, 0x0000000089f00000, 0x000000008a000000|  0%| F|  |TAMS 0x0000000089f00000, 0x0000000089f00000| Untracked 
| 160|0x000000008a000000, 0x000000008a000000, 0x000000008a100000|  0%| F|  |TAMS 0x000000008a000000, 0x000000008a000000| Untracked 
| 161|0x000000008a100000, 0x000000008a100000, 0x000000008a200000|  0%| F|  |TAMS 0x000000008a100000, 0x000000008a100000| Untracked 
| 162|0x000000008a200000, 0x000000008a200000, 0x000000008a300000|  0%| F|  |TAMS 0x000000008a200000, 0x000000008a200000| Untracked 
| 163|0x000000008a300000, 0x000000008a300000, 0x000000008a400000|  0%| F|  |TAMS 0x000000008a300000, 0x000000008a300000| Untracked 
| 164|0x000000008a400000, 0x000000008a400000, 0x000000008a500000|  0%| F|  |TAMS 0x000000008a400000, 0x000000008a400000| Untracked 
| 165|0x000000008a500000, 0x000000008a500000, 0x000000008a600000|  0%| F|  |TAMS 0x000000008a500000, 0x000000008a500000| Untracked 
| 166|0x000000008a600000, 0x000000008a600000, 0x000000008a700000|  0%| F|  |TAMS 0x000000008a600000, 0x000000008a600000| Untracked 
| 167|0x000000008a700000, 0x000000008a700000, 0x000000008a800000|  0%| F|  |TAMS 0x000000008a700000, 0x000000008a700000| Untracked 
| 168|0x000000008a800000, 0x000000008a800000, 0x000000008a900000|  0%| F|  |TAMS 0x000000008a800000, 0x000000008a800000| Untracked 
| 169|0x000000008a900000, 0x000000008a900000, 0x000000008aa00000|  0%| F|  |TAMS 0x000000008a900000, 0x000000008a900000| Untracked 
| 170|0x000000008aa00000, 0x000000008aa00000, 0x000000008ab00000|  0%| F|  |TAMS 0x000000008aa00000, 0x000000008aa00000| Untracked 
| 171|0x000000008ab00000, 0x000000008ab00000, 0x000000008ac00000|  0%| F|  |TAMS 0x000000008ab00000, 0x000000008ab00000| Untracked 
| 172|0x000000008ac00000, 0x000000008ac00000, 0x000000008ad00000|  0%| F|  |TAMS 0x000000008ac00000, 0x000000008ac00000| Untracked 
| 173|0x000000008ad00000, 0x000000008ad00000, 0x000000008ae00000|  0%| F|  |TAMS 0x000000008ad00000, 0x000000008ad00000| Untracked 
| 174|0x000000008ae00000, 0x000000008ae00000, 0x000000008af00000|  0%| F|  |TAMS 0x000000008ae00000, 0x000000008ae00000| Untracked 
| 175|0x000000008af00000, 0x000000008af00000, 0x000000008b000000|  0%| F|  |TAMS 0x000000008af00000, 0x000000008af00000| Untracked 
| 176|0x000000008b000000, 0x000000008b000000, 0x000000008b100000|  0%| F|  |TAMS 0x000000008b000000, 0x000000008b000000| Untracked 
| 177|0x000000008b100000, 0x000000008b100000, 0x000000008b200000|  0%| F|  |TAMS 0x000000008b100000, 0x000000008b100000| Untracked 
| 178|0x000000008b200000, 0x000000008b200000, 0x000000008b300000|  0%| F|  |TAMS 0x000000008b200000, 0x000000008b200000| Untracked 
| 179|0x000000008b300000, 0x000000008b300000, 0x000000008b400000|  0%| F|  |TAMS 0x000000008b300000, 0x000000008b300000| Untracked 
| 180|0x000000008b400000, 0x000000008b400000, 0x000000008b500000|  0%| F|  |TAMS 0x000000008b400000, 0x000000008b400000| Untracked 
| 181|0x000000008b500000, 0x000000008b500000, 0x000000008b600000|  0%| F|  |TAMS 0x000000008b500000, 0x000000008b500000| Untracked 
| 182|0x000000008b600000, 0x000000008b600000, 0x000000008b700000|  0%| F|  |TAMS 0x000000008b600000, 0x000000008b600000| Untracked 
| 183|0x000000008b700000, 0x000000008b700000, 0x000000008b800000|  0%| F|  |TAMS 0x000000008b700000, 0x000000008b700000| Untracked 
| 184|0x000000008b800000, 0x000000008b800000, 0x000000008b900000|  0%| F|  |TAMS 0x000000008b800000, 0x000000008b800000| Untracked 
| 185|0x000000008b900000, 0x000000008b900000, 0x000000008ba00000|  0%| F|  |TAMS 0x000000008b900000, 0x000000008b900000| Untracked 
| 186|0x000000008ba00000, 0x000000008ba00000, 0x000000008bb00000|  0%| F|  |TAMS 0x000000008ba00000, 0x000000008ba00000| Untracked 
| 187|0x000000008bb00000, 0x000000008bb00000, 0x000000008bc00000|  0%| F|  |TAMS 0x000000008bb00000, 0x000000008bb00000| Untracked 
| 188|0x000000008bc00000, 0x000000008bc00000, 0x000000008bd00000|  0%| F|  |TAMS 0x000000008bc00000, 0x000000008bc00000| Untracked 
| 189|0x000000008bd00000, 0x000000008bd00000, 0x000000008be00000|  0%| F|  |TAMS 0x000000008bd00000, 0x000000008bd00000| Untracked 
| 190|0x000000008be00000, 0x000000008bf00000, 0x000000008bf00000|100%| E|  |TAMS 0x000000008be00000, 0x000000008be00000| Complete 
| 191|0x000000008bf00000, 0x000000008c000000, 0x000000008c000000|100%| E|CS|TAMS 0x000000008bf00000, 0x000000008bf00000| Complete 
| 192|0x000000008c000000, 0x000000008c100000, 0x000000008c100000|100%| E|CS|TAMS 0x000000008c000000, 0x000000008c000000| Complete 
| 193|0x000000008c100000, 0x000000008c200000, 0x000000008c200000|100%| E|CS|TAMS 0x000000008c100000, 0x000000008c100000| Complete 
| 194|0x000000008c200000, 0x000000008c300000, 0x000000008c300000|100%| E|CS|TAMS 0x000000008c200000, 0x000000008c200000| Complete 
| 195|0x000000008c300000, 0x000000008c400000, 0x000000008c400000|100%| E|CS|TAMS 0x000000008c300000, 0x000000008c300000| Complete 
| 196|0x000000008c400000, 0x000000008c500000, 0x000000008c500000|100%| E|CS|TAMS 0x000000008c400000, 0x000000008c400000| Complete 
| 197|0x000000008c500000, 0x000000008c600000, 0x000000008c600000|100%| E|CS|TAMS 0x000000008c500000, 0x000000008c500000| Complete 
| 198|0x000000008c600000, 0x000000008c700000, 0x000000008c700000|100%| E|CS|TAMS 0x000000008c600000, 0x000000008c600000| Complete 
| 199|0x000000008c700000, 0x000000008c800000, 0x000000008c800000|100%| E|CS|TAMS 0x000000008c700000, 0x000000008c700000| Complete 
| 200|0x000000008c800000, 0x000000008c900000, 0x000000008c900000|100%| E|CS|TAMS 0x000000008c800000, 0x000000008c800000| Complete 
| 201|0x000000008c900000, 0x000000008ca00000, 0x000000008ca00000|100%| E|CS|TAMS 0x000000008c900000, 0x000000008c900000| Complete 
| 202|0x000000008ca00000, 0x000000008cb00000, 0x000000008cb00000|100%| E|CS|TAMS 0x000000008ca00000, 0x000000008ca00000| Complete 
| 203|0x000000008cb00000, 0x000000008cc00000, 0x000000008cc00000|100%| E|CS|TAMS 0x000000008cb00000, 0x000000008cb00000| Complete 
| 204|0x000000008cc00000, 0x000000008cd00000, 0x000000008cd00000|100%| E|CS|TAMS 0x000000008cc00000, 0x000000008cc00000| Complete 
| 205|0x000000008cd00000, 0x000000008ce00000, 0x000000008ce00000|100%| E|CS|TAMS 0x000000008cd00000, 0x000000008cd00000| Complete 
| 206|0x000000008ce00000, 0x000000008cf00000, 0x000000008cf00000|100%| E|CS|TAMS 0x000000008ce00000, 0x000000008ce00000| Complete 
| 207|0x000000008cf00000, 0x000000008d000000, 0x000000008d000000|100%| E|CS|TAMS 0x000000008cf00000, 0x000000008cf00000| Complete 
| 208|0x000000008d000000, 0x000000008d100000, 0x000000008d100000|100%| E|CS|TAMS 0x000000008d000000, 0x000000008d000000| Complete 
| 209|0x000000008d100000, 0x000000008d200000, 0x000000008d200000|100%| E|CS|TAMS 0x000000008d100000, 0x000000008d100000| Complete 
| 210|0x000000008d200000, 0x000000008d300000, 0x000000008d300000|100%| E|CS|TAMS 0x000000008d200000, 0x000000008d200000| Complete 
| 211|0x000000008d300000, 0x000000008d400000, 0x000000008d400000|100%| E|CS|TAMS 0x000000008d300000, 0x000000008d300000| Complete 
| 212|0x000000008d400000, 0x000000008d500000, 0x000000008d500000|100%| E|CS|TAMS 0x000000008d400000, 0x000000008d400000| Complete 
| 213|0x000000008d500000, 0x000000008d600000, 0x000000008d600000|100%| E|CS|TAMS 0x000000008d500000, 0x000000008d500000| Complete 
| 214|0x000000008d600000, 0x000000008d700000, 0x000000008d700000|100%| E|CS|TAMS 0x000000008d600000, 0x000000008d600000| Complete 
| 215|0x000000008d700000, 0x000000008d800000, 0x000000008d800000|100%| E|CS|TAMS 0x000000008d700000, 0x000000008d700000| Complete 
| 216|0x000000008d800000, 0x000000008d900000, 0x000000008d900000|100%| E|CS|TAMS 0x000000008d800000, 0x000000008d800000| Complete 
| 217|0x000000008d900000, 0x000000008da00000, 0x000000008da00000|100%| E|CS|TAMS 0x000000008d900000, 0x000000008d900000| Complete 
| 218|0x000000008da00000, 0x000000008db00000, 0x000000008db00000|100%| E|CS|TAMS 0x000000008da00000, 0x000000008da00000| Complete 
| 219|0x000000008db00000, 0x000000008dc00000, 0x000000008dc00000|100%| E|CS|TAMS 0x000000008db00000, 0x000000008db00000| Complete 
| 220|0x000000008dc00000, 0x000000008dd00000, 0x000000008dd00000|100%| E|CS|TAMS 0x000000008dc00000, 0x000000008dc00000| Complete 
| 221|0x000000008dd00000, 0x000000008de00000, 0x000000008de00000|100%| E|CS|TAMS 0x000000008dd00000, 0x000000008dd00000| Complete 
| 222|0x000000008de00000, 0x000000008df00000, 0x000000008df00000|100%| E|CS|TAMS 0x000000008de00000, 0x000000008de00000| Complete 
| 223|0x000000008df00000, 0x000000008e000000, 0x000000008e000000|100%| E|CS|TAMS 0x000000008df00000, 0x000000008df00000| Complete 
| 224|0x000000008e000000, 0x000000008e100000, 0x000000008e100000|100%| E|CS|TAMS 0x000000008e000000, 0x000000008e000000| Complete 
| 225|0x000000008e100000, 0x000000008e200000, 0x000000008e200000|100%| E|CS|TAMS 0x000000008e100000, 0x000000008e100000| Complete 
| 226|0x000000008e200000, 0x000000008e300000, 0x000000008e300000|100%| E|CS|TAMS 0x000000008e200000, 0x000000008e200000| Complete 
| 227|0x000000008e300000, 0x000000008e400000, 0x000000008e400000|100%| E|CS|TAMS 0x000000008e300000, 0x000000008e300000| Complete 
| 228|0x000000008e400000, 0x000000008e500000, 0x000000008e500000|100%| E|CS|TAMS 0x000000008e400000, 0x000000008e400000| Complete 
| 229|0x000000008e500000, 0x000000008e600000, 0x000000008e600000|100%| E|CS|TAMS 0x000000008e500000, 0x000000008e500000| Complete 
| 230|0x000000008e600000, 0x000000008e700000, 0x000000008e700000|100%| E|CS|TAMS 0x000000008e600000, 0x000000008e600000| Complete 
| 231|0x000000008e700000, 0x000000008e800000, 0x000000008e800000|100%| E|CS|TAMS 0x000000008e700000, 0x000000008e700000| Complete 
| 232|0x000000008e800000, 0x000000008e900000, 0x000000008e900000|100%| E|CS|TAMS 0x000000008e800000, 0x000000008e800000| Complete 
| 233|0x000000008e900000, 0x000000008ea00000, 0x000000008ea00000|100%| E|CS|TAMS 0x000000008e900000, 0x000000008e900000| Complete 
| 234|0x000000008ea00000, 0x000000008eb00000, 0x000000008eb00000|100%| E|CS|TAMS 0x000000008ea00000, 0x000000008ea00000| Complete 
| 235|0x000000008eb00000, 0x000000008ec00000, 0x000000008ec00000|100%| E|CS|TAMS 0x000000008eb00000, 0x000000008eb00000| Complete 
| 236|0x000000008ec00000, 0x000000008ed00000, 0x000000008ed00000|100%| E|CS|TAMS 0x000000008ec00000, 0x000000008ec00000| Complete 
| 237|0x000000008ed00000, 0x000000008ee00000, 0x000000008ee00000|100%| E|CS|TAMS 0x000000008ed00000, 0x000000008ed00000| Complete 
| 238|0x000000008ee00000, 0x000000008ef00000, 0x000000008ef00000|100%| E|CS|TAMS 0x000000008ee00000, 0x000000008ee00000| Complete 
| 239|0x000000008ef00000, 0x000000008f000000, 0x000000008f000000|100%| E|CS|TAMS 0x000000008ef00000, 0x000000008ef00000| Complete 
| 240|0x000000008f000000, 0x000000008f100000, 0x000000008f100000|100%| E|CS|TAMS 0x000000008f000000, 0x000000008f000000| Complete 
| 241|0x000000008f100000, 0x000000008f200000, 0x000000008f200000|100%| E|CS|TAMS 0x000000008f100000, 0x000000008f100000| Complete 
| 242|0x000000008f200000, 0x000000008f300000, 0x000000008f300000|100%| E|CS|TAMS 0x000000008f200000, 0x000000008f200000| Complete 
| 243|0x000000008f300000, 0x000000008f400000, 0x000000008f400000|100%| E|CS|TAMS 0x000000008f300000, 0x000000008f300000| Complete 
| 244|0x000000008f400000, 0x000000008f500000, 0x000000008f500000|100%| E|CS|TAMS 0x000000008f400000, 0x000000008f400000| Complete 
| 245|0x000000008f500000, 0x000000008f600000, 0x000000008f600000|100%| E|CS|TAMS 0x000000008f500000, 0x000000008f500000| Complete 
| 246|0x000000008f600000, 0x000000008f700000, 0x000000008f700000|100%| E|CS|TAMS 0x000000008f600000, 0x000000008f600000| Complete 
| 247|0x000000008f700000, 0x000000008f800000, 0x000000008f800000|100%| E|CS|TAMS 0x000000008f700000, 0x000000008f700000| Complete 
| 248|0x000000008f800000, 0x000000008f900000, 0x000000008f900000|100%| E|CS|TAMS 0x000000008f800000, 0x000000008f800000| Complete 
| 249|0x000000008f900000, 0x000000008fa00000, 0x000000008fa00000|100%| E|CS|TAMS 0x000000008f900000, 0x000000008f900000| Complete 
| 250|0x000000008fa00000, 0x000000008fb00000, 0x000000008fb00000|100%| E|CS|TAMS 0x000000008fa00000, 0x000000008fa00000| Complete 
| 251|0x000000008fb00000, 0x000000008fc00000, 0x000000008fc00000|100%| E|CS|TAMS 0x000000008fb00000, 0x000000008fb00000| Complete 
| 252|0x000000008fc00000, 0x000000008fd00000, 0x000000008fd00000|100%| E|CS|TAMS 0x000000008fc00000, 0x000000008fc00000| Complete 
| 253|0x000000008fd00000, 0x000000008fe00000, 0x000000008fe00000|100%| E|CS|TAMS 0x000000008fd00000, 0x000000008fd00000| Complete 
| 254|0x000000008fe00000, 0x000000008ff00000, 0x000000008ff00000|100%| E|CS|TAMS 0x000000008fe00000, 0x000000008fe00000| Complete 
| 255|0x000000008ff00000, 0x0000000090000000, 0x0000000090000000|100%| E|CS|TAMS 0x000000008ff00000, 0x000000008ff00000| Complete 

Card table byte_map: [0x000001fa25bb0000,0x000001fa25fb0000] _byte_map_base: 0x000001fa257b0000

Marking Bits (Prev, Next): (CMBitMap*) 0x000001fa129d1b50, (CMBitMap*) 0x000001fa129d1b18
 Prev Bits: [0x000001fa283b0000, 0x000001fa2a3b0000)
 Next Bits: [0x000001fa263b0000, 0x000001fa283b0000)

Polling page: 0x000001fa12160000

Metaspace:

Usage:
  Non-class:     90.51 MB capacity,    88.99 MB ( 98%) used,     1.22 MB (  1%) free+waste,   306.00 KB ( <1%) overhead. 
      Class:     13.98 MB capacity,    13.05 MB ( 93%) used,   816.10 KB (  6%) free+waste,   136.63 KB ( <1%) overhead. 
       Both:    104.49 MB capacity,   102.04 MB ( 98%) used,     2.02 MB (  2%) free+waste,   442.63 KB ( <1%) overhead. 

Virtual space:
  Non-class space:       92.00 MB reserved,      90.56 MB ( 98%) committed 
      Class space:        1.00 GB reserved,      14.00 MB (  1%) committed 
             Both:        1.09 GB reserved,     104.56 MB (  9%) committed 

Chunk freelists:
   Non-Class:  47.00 KB
       Class:  0 bytes
        Both:  47.00 KB

MaxMetaspaceSize: 17179869184.00 GB
CompressedClassSpaceSize: 1.00 GB

CodeHeap 'non-profiled nmethods': size=120000Kb used=8153Kb max_used=8153Kb free=111846Kb
 bounds [0x000001fa1df50000, 0x000001fa1e750000, 0x000001fa25480000]
CodeHeap 'profiled nmethods': size=120000Kb used=31196Kb max_used=31196Kb free=88804Kb
 bounds [0x000001fa16a20000, 0x000001fa188a0000, 0x000001fa1df50000]
CodeHeap 'non-nmethods': size=5760Kb used=2318Kb max_used=2376Kb free=3442Kb
 bounds [0x000001fa16480000, 0x000001fa166f0000, 0x000001fa16a20000]
 total_blobs=14562 nmethods=13636 adapters=836
 compilation: enabled
              stopped_count=0, restarted_count=0
 full_count=0

Compilation events (20 events):
Event: 20.035 Thread 0x000001fa2d6e9800 nmethod 13783 0x000001fa18881390 code [0x000001fa18881560, 0x000001fa18881858]
Event: 20.037 Thread 0x000001fa2d6e9800 13784       2       com.sun.tools.javac.code.Type$ClassType$2::baseType (8 bytes)
Event: 20.038 Thread 0x000001fa2d6e9800 nmethod 13784 0x000001fa18881990 code [0x000001fa18881b40, 0x000001fa18881c38]
Event: 20.045 Thread 0x000001fa2d6e9800 13785       2       java.lang.Integer::longValue (6 bytes)
Event: 20.046 Thread 0x000001fa2d6e9800 nmethod 13785 0x000001fa18881d10 code [0x000001fa18881ec0, 0x000001fa18881fb8]
Event: 20.046 Thread 0x000001fa2d6e9800 13786       2       com.sun.tools.javac.comp.InferenceContext::freeVarsIn (60 bytes)
Event: 20.047 Thread 0x000001fa2d6e9800 nmethod 13786 0x000001fa18882090 code [0x000001fa188822a0, 0x000001fa188826f8]
Event: 20.047 Thread 0x000001fa2d6e9800 13787       2       com.sun.tools.javac.comp.Infer$BoundFilter::accepts (9 bytes)
Event: 20.047 Thread 0x000001fa2d6e9800 nmethod 13787 0x000001fa18882910 code [0x000001fa18882ae0, 0x000001fa18882ce8]
Event: 20.047 Thread 0x000001fa2d6e9800 13788       2       com.sun.tools.javac.comp.Infer$BoundFilter::accepts (34 bytes)
Event: 20.048 Thread 0x000001fa2d6e9800 nmethod 13788 0x000001fa18882e90 code [0x000001fa18883060, 0x000001fa18883248]
Event: 20.048 Thread 0x000001fa2d6e9800 13789       2       java.util.EnumMap$EntryIterator$Entry::getKey (5 bytes)
Event: 20.048 Thread 0x000001fa2d6e9800 nmethod 13789 0x000001fa18883390 code [0x000001fa18883560, 0x000001fa18883768]
Event: 20.049 Thread 0x000001fa2d6e9800 13790       2       com.sun.tools.javac.file.CacheFSInfo::getCanonicalFile (11 bytes)
Event: 20.049 Thread 0x000001fa2d6e9800 nmethod 13790 0x000001fa18883910 code [0x000001fa18883ac0, 0x000001fa18883bc8]
Event: 20.052 Thread 0x000001fa2d6e9800 13791       2       com.sun.tools.javac.comp.Operators$BinaryEqualityOperator::test (13 bytes)
Event: 20.052 Thread 0x000001fa2d6e9800 nmethod 13791 0x000001fa18883c90 code [0x000001fa18883e40, 0x000001fa18883fe8]
Event: 20.052 Thread 0x000001fa2d6e9800 13792       2       com.sun.tools.javac.comp.Operators$BinaryEqualityOperator::test (18 bytes)
Event: 20.052 Thread 0x000001fa2d6e9800 nmethod 13792 0x000001fa18884110 code [0x000001fa188842c0, 0x000001fa188843e8]
Event: 20.052 Thread 0x000001fa2d6e9800 13793       2       com.sun.tools.javac.comp.Operators$BinaryEqualityOperator::resolve (47 bytes)

GC Heap History (20 events):
Event: 4.659 GC heap before
{Heap before GC invocations=6 (full 0):
 garbage-first heap   total 262144K, used 57044K [0x0000000080000000, 0x0000000100000000)
  region size 1024K, 41 young (41984K), 4 survivors (4096K)
 Metaspace       used 35078K, capacity 35814K, committed 35968K, reserved 1081344K
  class space    used 4567K, capacity 4895K, committed 4992K, reserved 1048576K
}
Event: 4.669 GC heap after
{Heap after GC invocations=7 (full 0):
 garbage-first heap   total 262144K, used 23225K [0x0000000080000000, 0x0000000100000000)
  region size 1024K, 7 young (7168K), 7 survivors (7168K)
 Metaspace       used 35078K, capacity 35814K, committed 35968K, reserved 1081344K
  class space    used 4567K, capacity 4895K, committed 4992K, reserved 1048576K
}
Event: 6.850 GC heap before
{Heap before GC invocations=8 (full 0):
 garbage-first heap   total 262144K, used 133817K [0x0000000080000000, 0x0000000100000000)
  region size 1024K, 111 young (113664K), 7 survivors (7168K)
 Metaspace       used 43966K, capacity 44950K, committed 45184K, reserved 1089536K
  class space    used 5623K, capacity 5984K, committed 6016K, reserved 1048576K
}
Event: 6.861 GC heap after
{Heap after GC invocations=9 (full 0):
 garbage-first heap   total 262144K, used 29637K [0x0000000080000000, 0x0000000100000000)
  region size 1024K, 13 young (13312K), 13 survivors (13312K)
 Metaspace       used 43966K, capacity 44950K, committed 45184K, reserved 1089536K
  class space    used 5623K, capacity 5984K, committed 6016K, reserved 1048576K
}
Event: 9.366 GC heap before
{Heap before GC invocations=9 (full 0):
 garbage-first heap   total 262144K, used 171973K [0x0000000080000000, 0x0000000100000000)
  region size 1024K, 148 young (151552K), 13 survivors (13312K)
 Metaspace       used 53593K, capacity 54945K, committed 55040K, reserved 1097728K
  class space    used 6834K, capacity 7339K, committed 7424K, reserved 1048576K
}
Event: 9.380 GC heap after
{Heap after GC invocations=10 (full 0):
 garbage-first heap   total 262144K, used 44626K [0x0000000080000000, 0x0000000100000000)
  region size 1024K, 19 young (19456K), 19 survivors (19456K)
 Metaspace       used 53593K, capacity 54945K, committed 55040K, reserved 1097728K
  class space    used 6834K, capacity 7339K, committed 7424K, reserved 1048576K
}
Event: 9.870 GC heap before
{Heap before GC invocations=10 (full 0):
 garbage-first heap   total 262144K, used 79442K [0x0000000080000000, 0x0000000100000000)
  region size 1024K, 54 young (55296K), 19 survivors (19456K)
 Metaspace       used 58873K, capacity 60222K, committed 60288K, reserved 1101824K
  class space    used 7495K, capacity 8050K, committed 8064K, reserved 1048576K
}
Event: 9.890 GC heap after
{Heap after GC invocations=11 (full 0):
 garbage-first heap   total 262144K, used 46311K [0x0000000080000000, 0x0000000100000000)
  region size 1024K, 12 young (12288K), 12 survivors (12288K)
 Metaspace       used 58873K, capacity 60222K, committed 60288K, reserved 1101824K
  class space    used 7495K, capacity 8050K, committed 8064K, reserved 1048576K
}
Event: 11.006 GC heap before
{Heap before GC invocations=12 (full 0):
 garbage-first heap   total 262144K, used 155879K [0x0000000080000000, 0x0000000100000000)
  region size 1024K, 118 young (120832K), 12 survivors (12288K)
 Metaspace       used 66342K, capacity 67895K, committed 68132K, reserved 1107968K
  class space    used 8449K, capacity 9015K, committed 9088K, reserved 1048576K
}
Event: 11.016 GC heap after
{Heap after GC invocations=13 (full 0):
 garbage-first heap   total 262144K, used 55247K [0x0000000080000000, 0x0000000100000000)
  region size 1024K, 11 young (11264K), 11 survivors (11264K)
 Metaspace       used 66342K, capacity 67895K, committed 68132K, reserved 1107968K
  class space    used 8449K, capacity 9015K, committed 9088K, reserved 1048576K
}
Event: 12.765 GC heap before
{Heap before GC invocations=13 (full 0):
 garbage-first heap   total 262144K, used 165839K [0x0000000080000000, 0x0000000100000000)
  region size 1024K, 119 young (121856K), 11 survivors (11264K)
 Metaspace       used 75986K, capacity 77611K, committed 77732K, reserved 1116160K
  class space    used 9862K, capacity 10491K, committed 10496K, reserved 1048576K
}
Event: 12.775 GC heap after
{Heap after GC invocations=14 (full 0):
 garbage-first heap   total 262144K, used 61883K [0x0000000080000000, 0x0000000100000000)
  region size 1024K, 7 young (7168K), 7 survivors (7168K)
 Metaspace       used 75986K, capacity 77611K, committed 77732K, reserved 1116160K
  class space    used 9862K, capacity 10491K, committed 10496K, reserved 1048576K
}
Event: 14.307 GC heap before
{Heap before GC invocations=14 (full 0):
 garbage-first heap   total 262144K, used 176571K [0x0000000080000000, 0x0000000100000000)
  region size 1024K, 119 young (121856K), 7 survivors (7168K)
 Metaspace       used 85439K, capacity 87292K, committed 87332K, reserved 1124352K
  class space    used 11165K, capacity 11873K, committed 11904K, reserved 1048576K
}
Event: 14.320 GC heap after
{Heap after GC invocations=15 (full 0):
 garbage-first heap   total 262144K, used 67965K [0x0000000080000000, 0x0000000100000000)
  region size 1024K, 13 young (13312K), 13 survivors (13312K)
 Metaspace       used 85439K, capacity 87292K, committed 87332K, reserved 1124352K
  class space    used 11165K, capacity 11873K, committed 11904K, reserved 1048576K
}
Event: 15.650 GC heap before
{Heap before GC invocations=15 (full 0):
 garbage-first heap   total 262144K, used 183677K [0x0000000080000000, 0x0000000100000000)
  region size 1024K, 127 young (130048K), 13 survivors (13312K)
 Metaspace       used 91758K, capacity 94047K, committed 94244K, reserved 1130496K
  class space    used 12033K, capacity 12915K, committed 12928K, reserved 1048576K
}
Event: 15.664 GC heap after
{Heap after GC invocations=16 (full 0):
 garbage-first heap   total 262144K, used 75875K [0x0000000080000000, 0x0000000100000000)
  region size 1024K, 15 young (15360K), 15 survivors (15360K)
 Metaspace       used 91758K, capacity 94047K, committed 94244K, reserved 1130496K
  class space    used 12033K, capacity 12915K, committed 12928K, reserved 1048576K
}
Event: 17.545 GC heap before
{Heap before GC invocations=16 (full 0):
 garbage-first heap   total 262144K, used 172131K [0x0000000080000000, 0x0000000100000000)
  region size 1024K, 111 young (113664K), 15 survivors (15360K)
 Metaspace       used 98774K, capacity 101088K, committed 101180K, reserved 1136640K
  class space    used 12882K, capacity 13786K, committed 13824K, reserved 1048576K
}
Event: 17.567 GC heap after
{Heap after GC invocations=17 (full 0):
 garbage-first heap   total 262144K, used 81463K [0x0000000080000000, 0x0000000100000000)
  region size 1024K, 14 young (14336K), 14 survivors (14336K)
 Metaspace       used 98774K, capacity 101088K, committed 101180K, reserved 1136640K
  class space    used 12882K, capacity 13786K, committed 13824K, reserved 1048576K
}
Event: 18.752 GC heap before
{Heap before GC invocations=18 (full 0):
 garbage-first heap   total 262144K, used 216631K [0x0000000080000000, 0x0000000100000000)
  region size 1024K, 126 young (129024K), 14 survivors (14336K)
 Metaspace       used 102040K, capacity 104513K, committed 104636K, reserved 1140736K
  class space    used 13182K, capacity 14112K, committed 14208K, reserved 1048576K
}
Event: 18.845 GC heap after
{Heap after GC invocations=19 (full 0):
 garbage-first heap   total 262144K, used 117355K [0x0000000080000000, 0x0000000100000000)
  region size 1024K, 16 young (16384K), 16 survivors (16384K)
 Metaspace       used 102040K, capacity 104513K, committed 104636K, reserved 1140736K
  class space    used 13182K, capacity 14112K, committed 14208K, reserved 1048576K
}

Deoptimization events (20 events):
Event: 19.951 Thread 0x000001fa35b16000 DEOPT PACKING pc=0x000001fa186def22 sp=0x000000d6c1bf8a40
Event: 19.951 Thread 0x000001fa35b16000 DEOPT UNPACKING pc=0x000001fa164a6dde sp=0x000000d6c1bf7f40 mode 0
Event: 19.956 Thread 0x000001fa35b16000 DEOPT PACKING pc=0x000001fa186f5c50 sp=0x000000d6c1bf8e20
Event: 19.956 Thread 0x000001fa35b16000 DEOPT UNPACKING pc=0x000001fa164a6dde sp=0x000000d6c1bf82c0 mode 0
Event: 19.963 Thread 0x000001fa35b16000 Uncommon trap: trap_request=0xffffffde fr.pc=0x000001fa1e681494 relative=0x0000000000000074
Event: 19.964 Thread 0x000001fa35b16000 Uncommon trap: reason=class_check action=maybe_recompile pc=0x000001fa1e681494 method=java.lang.Integer.equals(Ljava/lang/Object;)Z @ 1 c2
Event: 19.964 Thread 0x000001fa35b16000 DEOPT PACKING pc=0x000001fa1e681494 sp=0x000000d6c1bf8ce0
Event: 19.964 Thread 0x000001fa35b16000 DEOPT UNPACKING pc=0x000001fa164a662f sp=0x000000d6c1bf8c70 mode 2
Event: 19.964 Thread 0x000001fa35b16000 Uncommon trap: trap_request=0xffffffde fr.pc=0x000001fa1e681494 relative=0x0000000000000074
Event: 19.964 Thread 0x000001fa35b16000 Uncommon trap: reason=class_check action=maybe_recompile pc=0x000001fa1e681494 method=java.lang.Integer.equals(Ljava/lang/Object;)Z @ 1 c2
Event: 19.964 Thread 0x000001fa35b16000 DEOPT PACKING pc=0x000001fa1e681494 sp=0x000000d6c1bf8ca0
Event: 19.964 Thread 0x000001fa35b16000 DEOPT UNPACKING pc=0x000001fa164a662f sp=0x000000d6c1bf8c30 mode 2
Event: 19.964 Thread 0x000001fa35b16000 Uncommon trap: trap_request=0xffffffde fr.pc=0x000001fa1e681494 relative=0x0000000000000074
Event: 19.964 Thread 0x000001fa35b16000 Uncommon trap: reason=class_check action=maybe_recompile pc=0x000001fa1e681494 method=java.lang.Integer.equals(Ljava/lang/Object;)Z @ 1 c2
Event: 19.964 Thread 0x000001fa35b16000 DEOPT PACKING pc=0x000001fa1e681494 sp=0x000000d6c1bf8ce0
Event: 19.964 Thread 0x000001fa35b16000 DEOPT UNPACKING pc=0x000001fa164a662f sp=0x000000d6c1bf8c70 mode 2
Event: 19.964 Thread 0x000001fa35b16000 Uncommon trap: trap_request=0xffffffde fr.pc=0x000001fa1e681494 relative=0x0000000000000074
Event: 19.964 Thread 0x000001fa35b16000 Uncommon trap: reason=class_check action=maybe_recompile pc=0x000001fa1e681494 method=java.lang.Integer.equals(Ljava/lang/Object;)Z @ 1 c2
Event: 19.964 Thread 0x000001fa35b16000 DEOPT PACKING pc=0x000001fa1e681494 sp=0x000000d6c1bf8ce0
Event: 19.964 Thread 0x000001fa35b16000 DEOPT UNPACKING pc=0x000001fa164a662f sp=0x000000d6c1bf8c70 mode 2

Classes redefined (0 events):
No events

Internal exceptions (20 events):
Event: 19.894 Thread 0x000001fa35b16000 Exception <a 'sun/nio/fs/WindowsException'{0x000000008cbce8b8}> (0x000000008cbce8b8) thrown at [./src/hotspot/share/prims/jni.cpp, line 615]
Event: 19.899 Thread 0x000001fa35b16000 Exception <a 'sun/nio/fs/WindowsException'{0x000000008ca01e48}> (0x000000008ca01e48) thrown at [./src/hotspot/share/prims/jni.cpp, line 615]
Event: 19.906 Thread 0x000001fa35b16000 Exception <a 'sun/nio/fs/WindowsException'{0x000000008ca3ea28}> (0x000000008ca3ea28) thrown at [./src/hotspot/share/prims/jni.cpp, line 615]
Event: 19.912 Thread 0x000001fa35b16000 Exception <a 'sun/nio/fs/WindowsException'{0x000000008cae66a0}> (0x000000008cae66a0) thrown at [./src/hotspot/share/prims/jni.cpp, line 615]
Event: 19.914 Thread 0x000001fa35b16000 Exception <a 'sun/nio/fs/WindowsException'{0x000000008caf6740}> (0x000000008caf6740) thrown at [./src/hotspot/share/prims/jni.cpp, line 615]
Event: 19.922 Thread 0x000001fa35b16000 Exception <a 'sun/nio/fs/WindowsException'{0x000000008c901058}> (0x000000008c901058) thrown at [./src/hotspot/share/prims/jni.cpp, line 615]
Event: 19.931 Thread 0x000001fa35b16000 Exception <a 'sun/nio/fs/WindowsException'{0x000000008c9e64a8}> (0x000000008c9e64a8) thrown at [./src/hotspot/share/prims/jni.cpp, line 615]
Event: 19.957 Thread 0x000001fa35b16000 Exception <a 'sun/nio/fs/WindowsException'{0x000000008c68e998}> (0x000000008c68e998) thrown at [./src/hotspot/share/prims/jni.cpp, line 615]
Event: 19.962 Thread 0x000001fa35b16000 Exception <a 'sun/nio/fs/WindowsException'{0x000000008c521ef8}> (0x000000008c521ef8) thrown at [./src/hotspot/share/prims/jni.cpp, line 615]
Event: 19.974 Thread 0x000001fa35b16000 Exception <a 'sun/nio/fs/WindowsException'{0x000000008c5e12e0}> (0x000000008c5e12e0) thrown at [./src/hotspot/share/prims/jni.cpp, line 615]
Event: 19.977 Thread 0x000001fa35b16000 Exception <a 'sun/nio/fs/WindowsException'{0x000000008c5fbf98}> (0x000000008c5fbf98) thrown at [./src/hotspot/share/prims/jni.cpp, line 615]
Event: 19.983 Thread 0x000001fa35b16000 Exception <a 'sun/nio/fs/WindowsException'{0x000000008c45eac8}> (0x000000008c45eac8) thrown at [./src/hotspot/share/prims/jni.cpp, line 615]
Event: 19.986 Thread 0x000001fa35b16000 Exception <a 'sun/nio/fs/WindowsException'{0x000000008c479d98}> (0x000000008c479d98) thrown at [./src/hotspot/share/prims/jni.cpp, line 615]
Event: 19.989 Thread 0x000001fa35b16000 Exception <a 'sun/nio/fs/WindowsException'{0x000000008c4a3220}> (0x000000008c4a3220) thrown at [./src/hotspot/share/prims/jni.cpp, line 615]
Event: 19.998 Thread 0x000001fa35b16000 Exception <a 'sun/nio/fs/WindowsException'{0x000000008c33c9b8}> (0x000000008c33c9b8) thrown at [./src/hotspot/share/prims/jni.cpp, line 615]
Event: 20.008 Thread 0x000001fa35b16000 Exception <a 'sun/nio/fs/WindowsException'{0x000000008c3c2810}> (0x000000008c3c2810) thrown at [./src/hotspot/share/prims/jni.cpp, line 615]
Event: 20.017 Thread 0x000001fa35b16000 Exception <a 'sun/nio/fs/WindowsException'{0x000000008c244110}> (0x000000008c244110) thrown at [./src/hotspot/share/prims/jni.cpp, line 615]
Event: 20.030 Thread 0x000001fa35b16000 Exception <a 'sun/nio/fs/WindowsException'{0x000000008c2c5600}> (0x000000008c2c5600) thrown at [./src/hotspot/share/prims/jni.cpp, line 615]
Event: 20.038 Thread 0x000001fa35b16000 Exception <a 'sun/nio/fs/WindowsException'{0x000000008c146a58}> (0x000000008c146a58) thrown at [./src/hotspot/share/prims/jni.cpp, line 615]
Event: 20.049 Thread 0x000001fa35b16000 Exception <a 'sun/nio/fs/WindowsException'{0x000000008c1c7db8}> (0x000000008c1c7db8) thrown at [./src/hotspot/share/prims/jni.cpp, line 615]

Events (20 events):
Event: 19.685 loading class com/sun/tools/javac/code/Type
Event: 19.685 loading class com/sun/tools/javac/code/Type done
Event: 19.685 loading class com/sun/tools/javac/code/Type
Event: 19.685 loading class com/sun/tools/javac/code/Type done
Event: 19.685 loading class com/sun/tools/javac/comp/Check
Event: 19.685 loading class com/sun/tools/javac/comp/Check done
Event: 19.686 loading class com/sun/tools/javac/comp/InferenceContext
Event: 19.686 loading class com/sun/tools/javac/comp/InferenceContext done
Event: 19.686 loading class com/sun/tools/javac/comp/Attr$ResultInfo
Event: 19.686 loading class com/sun/tools/javac/comp/Attr$ResultInfo done
Event: 19.686 loading class com/sun/tools/javac/comp/Attr
Event: 19.686 loading class com/sun/tools/javac/comp/Attr done
Event: 19.686 loading class com/sun/tools/javac/tree/JCTree$JCNewClass
Event: 19.686 loading class com/sun/tools/javac/tree/JCTree$JCNewClass done
Event: 19.686 loading class com/sun/tools/javac/tree/JCTree$JCNewClass
Event: 19.686 loading class com/sun/tools/javac/tree/JCTree$JCNewClass done
Event: 19.730 Executing VM operation: ICBufferFull
Event: 19.731 Executing VM operation: ICBufferFull done
Event: 19.948 Executing VM operation: ICBufferFull
Event: 19.948 Executing VM operation: ICBufferFull done


Dynamic libraries:
0x00007ff791b40000 - 0x00007ff791b4a000 	C:\Program Files\Android\Android Studio\jre\bin\java.exe
0x00007ffd9f7a0000 - 0x00007ffd9f990000 	C:\WINDOWS\SYSTEM32\ntdll.dll
0x00007ffd9f150000 - 0x00007ffd9f202000 	C:\WINDOWS\System32\KERNEL32.DLL
0x00007ffd9d580000 - 0x00007ffd9d825000 	C:\WINDOWS\System32\KERNELBASE.dll
0x00007ffd9d050000 - 0x00007ffd9d14a000 	C:\WINDOWS\System32\ucrtbase.dll
0x00007ffd82950000 - 0x00007ffd82969000 	C:\Program Files\Android\Android Studio\jre\bin\jli.dll
0x00007ffd82a00000 - 0x00007ffd82a17000 	C:\Program Files\Android\Android Studio\jre\bin\VCRUNTIME140.dll
0x00007ffd9e630000 - 0x00007ffd9e7c4000 	C:\WINDOWS\System32\USER32.dll
0x00007ffd89a00000 - 0x00007ffd89c84000 	C:\WINDOWS\WinSxS\amd64_microsoft.windows.common-controls_6595b64144ccf1df_6.0.18362.1556_none_9e7e372fe45e41d5\COMCTL32.dll
0x00007ffd9c710000 - 0x00007ffd9c731000 	C:\WINDOWS\System32\win32u.dll
0x00007ffd9e590000 - 0x00007ffd9e62e000 	C:\WINDOWS\System32\msvcrt.dll
0x00007ffd9f120000 - 0x00007ffd9f146000 	C:\WINDOWS\System32\GDI32.dll
0x00007ffd9db40000 - 0x00007ffd9de76000 	C:\WINDOWS\System32\combase.dll
0x00007ffd9d150000 - 0x00007ffd9d2e8000 	C:\WINDOWS\System32\gdi32full.dll
0x00007ffd9ef60000 - 0x00007ffd9f07f000 	C:\WINDOWS\System32\RPCRT4.dll
0x00007ffd9d4e0000 - 0x00007ffd9d57e000 	C:\WINDOWS\System32\msvcp_win.dll
0x00007ffd9d400000 - 0x00007ffd9d481000 	C:\WINDOWS\System32\bcryptPrimitives.dll
0x00007ffd9ed60000 - 0x00007ffd9ed8e000 	C:\WINDOWS\System32\IMM32.DLL
0x00007ffd6b250000 - 0x00007ffd6b2ed000 	C:\Program Files\Android\Android Studio\jre\bin\msvcp140.dll
0x00007ffd4d430000 - 0x00007ffd4df05000 	C:\Program Files\Android\Android Studio\jre\bin\server\jvm.dll
0x00007ffd9e7d0000 - 0x00007ffd9e873000 	C:\WINDOWS\System32\ADVAPI32.dll
0x00007ffd9f080000 - 0x00007ffd9f117000 	C:\WINDOWS\System32\sechost.dll
0x00007ffd9e580000 - 0x00007ffd9e588000 	C:\WINDOWS\System32\PSAPI.DLL
0x00007ffd9a6f0000 - 0x00007ffd9a6f9000 	C:\WINDOWS\SYSTEM32\WSOCK32.dll
0x00007ffd99f20000 - 0x00007ffd99f44000 	C:\WINDOWS\SYSTEM32\WINMM.dll
0x00007ffd96970000 - 0x00007ffd9697a000 	C:\WINDOWS\SYSTEM32\VERSION.dll
0x00007ffd9e9a0000 - 0x00007ffd9ea0f000 	C:\WINDOWS\System32\WS2_32.dll
0x00007ffd99ef0000 - 0x00007ffd99f1d000 	C:\WINDOWS\SYSTEM32\WINMMBASE.dll
0x00007ffd9d490000 - 0x00007ffd9d4da000 	C:\WINDOWS\System32\cfgmgr32.dll
0x00007ffd9c660000 - 0x00007ffd9c671000 	C:\WINDOWS\System32\kernel.appcore.dll
0x00007ffd8c190000 - 0x00007ffd8c1a1000 	C:\Program Files\Android\Android Studio\jre\bin\verify.dll
0x00007ffd864a0000 - 0x00007ffd86694000 	C:\WINDOWS\SYSTEM32\DBGHELP.DLL
0x00007ffd838c0000 - 0x00007ffd838ea000 	C:\WINDOWS\SYSTEM32\dbgcore.DLL
0x00007ffd83560000 - 0x00007ffd83589000 	C:\Program Files\Android\Android Studio\jre\bin\java.dll
0x00007ffd95be0000 - 0x00007ffd95beb000 	C:\Program Files\Android\Android Studio\jre\bin\jimage.dll
0x00007ffd88cc0000 - 0x00007ffd88cd8000 	C:\Program Files\Android\Android Studio\jre\bin\zip.dll
0x00007ffd9de90000 - 0x00007ffd9e577000 	C:\WINDOWS\System32\SHELL32.dll
0x00007ffd9da30000 - 0x00007ffd9dad8000 	C:\WINDOWS\System32\shcore.dll
0x00007ffd9c740000 - 0x00007ffd9cebb000 	C:\WINDOWS\System32\windows.storage.dll
0x00007ffd9c6f0000 - 0x00007ffd9c70e000 	C:\WINDOWS\System32\profapi.dll
0x00007ffd9c680000 - 0x00007ffd9c6ca000 	C:\WINDOWS\System32\powrprof.dll
0x00007ffd9c650000 - 0x00007ffd9c660000 	C:\WINDOWS\System32\UMPDC.dll
0x00007ffd9f700000 - 0x00007ffd9f752000 	C:\WINDOWS\System32\shlwapi.dll
0x00007ffd9d830000 - 0x00007ffd9d847000 	C:\WINDOWS\System32\cryptsp.dll
0x00007ffd88940000 - 0x00007ffd8895a000 	C:\Program Files\Android\Android Studio\jre\bin\net.dll
0x00007ffd96b50000 - 0x00007ffd96c4a000 	C:\WINDOWS\SYSTEM32\WINHTTP.dll
0x00007ffd9be90000 - 0x00007ffd9bef7000 	C:\WINDOWS\system32\mswsock.dll
0x00007ffd88520000 - 0x00007ffd88534000 	C:\Program Files\Android\Android Studio\jre\bin\nio.dll
0x00007ffd93720000 - 0x00007ffd93747000 	C:\Users\MSI\.gradle\native\e1d6ef7f7dcc3fd88c89a11ec53ec762bb8ba0a96d01ffa2cd45eb1d1d8dd5c5\windows-amd64\native-platform.dll
0x00007ffd61550000 - 0x00007ffd61694000 	C:\Users\MSI\.gradle\native\5664cfc778a61ccfe75a443a1ab52a65af34e5dc3c78e0209fed803814484fcb\windows-amd64\native-platform-file-events.dll
0x00007ffd935b0000 - 0x00007ffd935ba000 	C:\Program Files\Android\Android Studio\jre\bin\management.dll
0x00007ffd93500000 - 0x00007ffd9350d000 	C:\Program Files\Android\Android Studio\jre\bin\management_ext.dll
0x00007ffd9ba10000 - 0x00007ffd9ba43000 	C:\WINDOWS\system32\rsaenh.dll
0x00007ffd9d020000 - 0x00007ffd9d046000 	C:\WINDOWS\System32\bcrypt.dll
0x00007ffd9c570000 - 0x00007ffd9c595000 	C:\WINDOWS\SYSTEM32\USERENV.dll
0x00007ffd9c060000 - 0x00007ffd9c06c000 	C:\WINDOWS\SYSTEM32\CRYPTBASE.dll
0x00007ffd9bba0000 - 0x00007ffd9bbda000 	C:\WINDOWS\SYSTEM32\IPHLPAPI.DLL
0x00007ffd9ef50000 - 0x00007ffd9ef58000 	C:\WINDOWS\System32\NSI.dll
0x00007ffd960c0000 - 0x00007ffd960d6000 	C:\WINDOWS\SYSTEM32\dhcpcsvc6.DLL
0x00007ffd96430000 - 0x00007ffd9644c000 	C:\WINDOWS\SYSTEM32\dhcpcsvc.DLL
0x00007ffd9bbe0000 - 0x00007ffd9bcab000 	C:\WINDOWS\SYSTEM32\DNSAPI.dll
0x00007ffd9b690000 - 0x00007ffd9b6c1000 	C:\WINDOWS\SYSTEM32\ntmarta.dll

dbghelp: loaded successfully - version: 4.0.5 - missing functions: none
symbol engine: initialized successfully - sym options: 0x614 - pdb path: .;C:\Program Files\Android\Android Studio\jre\bin;C:\WINDOWS\SYSTEM32;C:\WINDOWS\WinSxS\amd64_microsoft.windows.common-controls_6595b64144ccf1df_6.0.18362.1556_none_9e7e372fe45e41d5;C:\Program Files\Android\Android Studio\jre\bin\server;C:\Users\MSI\.gradle\native\e1d6ef7f7dcc3fd88c89a11ec53ec762bb8ba0a96d01ffa2cd45eb1d1d8dd5c5\windows-amd64;C:\Users\MSI\.gradle\native\5664cfc778a61ccfe75a443a1ab52a65af34e5dc3c78e0209fed803814484fcb\windows-amd64

VM Arguments:
jvm_args: --add-opens=java.base/java.util=ALL-UNNAMED --add-opens=java.base/java.lang=ALL-UNNAMED --add-opens=java.base/java.lang.invoke=ALL-UNNAMED --add-opens=java.base/java.util=ALL-UNNAMED --add-opens=java.prefs/java.util.prefs=ALL-UNNAMED --add-opens=java.prefs/java.util.prefs=ALL-UNNAMED --add-opens=java.base/java.nio.charset=ALL-UNNAMED --add-opens=java.base/java.net=ALL-UNNAMED --add-opens=java.base/java.util.concurrent.atomic=ALL-UNNAMED -Xmx2048m -Dfile.encoding=UTF-8 -Duser.country=FR -Duser.language=fr -Duser.variant 
java_command: org.gradle.launcher.daemon.bootstrap.GradleDaemon 7.2
java_class_path (initial): C:\Users\MSI\.gradle\wrapper\dists\gradle-7.2-bin\2dnblmf4td7x66yl1d74lt32g\gradle-7.2\lib\gradle-launcher-7.2.jar
Launcher Type: SUN_STANDARD

[Global flags]
     intx CICompilerCount                          = 4                                         {product} {ergonomic}
     uint ConcGCThreads                            = 2                                         {product} {ergonomic}
     uint G1ConcRefinementThreads                  = 8                                         {product} {ergonomic}
   size_t G1HeapRegionSize                         = 1048576                                   {product} {ergonomic}
    uintx GCDrainStackTargetSize                   = 64                                        {product} {ergonomic}
   size_t InitialHeapSize                          = 268435456                                 {product} {ergonomic}
   size_t MarkStackSize                            = 4194304                                   {product} {ergonomic}
   size_t MaxHeapSize                              = 2147483648                                {product} {command line}
   size_t MaxNewSize                               = 1287651328                                {product} {ergonomic}
   size_t MinHeapDeltaBytes                        = 1048576                                   {product} {ergonomic}
    uintx NonNMethodCodeHeapSize                   = 5836300                                {pd product} {ergonomic}
    uintx NonProfiledCodeHeapSize                  = 122910970                              {pd product} {ergonomic}
    uintx ProfiledCodeHeapSize                     = 122910970                              {pd product} {ergonomic}
    uintx ReservedCodeCacheSize                    = 251658240                              {pd product} {ergonomic}
     bool SegmentedCodeCache                       = true                                      {product} {ergonomic}
     bool UseCompressedClassPointers               = true                                 {lp64_product} {ergonomic}
     bool UseCompressedOops                        = true                                 {lp64_product} {ergonomic}
     bool UseG1GC                                  = true                                      {product} {ergonomic}
     bool UseLargePagesIndividualAllocation        = false                                  {pd product} {ergonomic}

Logging:
Log output configuration:
 #0: stdout all=warning uptime,level,tags
 #1: stderr all=off uptime,level,tags

Environment Variables:
JAVA_HOME=C:\Program Files\Java\jdk1.8.0_281
PATH=C:\Program Files (x86)\Common Files\Oracle\Java\javapath;C:\Program Files\AdoptOpenJDK\jdk-11.0.8.10-hotspot\bin;C:\WINDOWS\system32;C:\WINDOWS;C:\WINDOWS\System32\Wbem;C:\WINDOWS\System32\WindowsPowerShell\v1.0\;C:\WINDOWS\System32\OpenSSH\;D:\MinGW\bin;C:\Program Files (x86)\NVIDIA Corporation\PhysX\Common;C:\Program Files\NVIDIA Corporation\NVIDIA NvDLISR;C:\Program Files\nodejs\;C:\opt\apache-maven-3.6.3\bin;C:\Program Files\Java\jdk1.8.0_281\bin;C:\Program Files\Git\cmd;C:\Users\MSI\AppData\Local\Programs\Python\Python310\Scripts\;C:\Users\MSI\AppData\Local\Programs\Python\Python310\;C:\Users\MSI\AppData\Local\Microsoft\WindowsApps;C:\Users\MSI\AppData\Local\atom\bin;C:\Users\MSI\AppData\Roaming\npm;C:\Users\MSI\AppData\Local\Programs\Microsoft VS Code\bin;C:\Users\MSI\AppData\Local\GitHubDesktop\bin
USERNAME=MSI
OS=Windows_NT
PROCESSOR_IDENTIFIER=Intel64 Family 6 Model 158 Stepping 9, GenuineIntel



---------------  S Y S T E M  ---------------

OS: Windows 10 , 64 bit Build 18362 (10.0.18362.1500)
OS uptime: 21 days 17:50 hours

CPU:total 8 (initial active 8) (4 cores per cpu, 2 threads per core) family 6 model 158 stepping 9 microcode 0xde, cmov, cx8, fxsr, mmx, sse, sse2, sse3, ssse3, sse4.1, sse4.2, popcnt, avx, avx2, aes, clmul, erms, 3dnowpref, lzcnt, ht, tsc, tscinvbit, bmi1, bmi2, adx, fma

Memory: 4k page, system-wide physical 16303M (1006M free)
TotalPageFile size 26303M (AvailPageFile size 12M)
current process WorkingSet (physical memory assigned to process): 603M, peak: 610M
current process commit charge ("private bytes"): 651M, peak: 660M

vm_info: OpenJDK 64-Bit Server VM (11.0.11+9-b60-7590822) for windows-amd64 JRE (11.0.11+9-b60-7590822), built on Jul 29 2021 21:43:44 by "builder" with MS VC++ 14.0 (VS2015)

END.
